2026-03-30 09:52:18 [INFO] com.example.demo.DemoApplication - Starting DemoApplication using Java 21.0.10 with PID 22740 (C:\Users\ADMIN\Downloads\demo\demo\build\classes\java\main started by ADMIN in C:\Users\ADMIN\Downloads\demo)
2026-03-30 09:52:18 [INFO] com.example.demo.DemoApplication - No active profile set, falling back to 1 default profile: "default"
2026-03-30 09:52:19 [INFO] o.s.b.d.e.DevToolsPropertyDefaultsPostProcessor - Devtools property defaults active! Set 'spring.devtools.add-properties' to 'false' to disable
2026-03-30 09:52:19 [INFO] o.s.b.d.e.DevToolsPropertyDefaultsPostProcessor - For additional web related logging consider setting the 'logging.level.web' property to 'DEBUG'
2026-03-30 09:52:22 [INFO] o.s.d.r.c.RepositoryConfigurationDelegate - Bootstrapping Spring Data JPA repositories in DEFAULT mode.
2026-03-30 09:52:22 [INFO] o.s.d.r.c.RepositoryConfigurationDelegate - Finished Spring Data repository scanning in 233 ms. Found 1 JPA repository interface.
2026-03-30 09:52:25 [INFO] o.s.boot.tomcat.TomcatWebServer - Tomcat initialized with port 8088 (http)
2026-03-30 09:52:25 [INFO] o.a.coyote.http11.Http11NioProtocol - Initializing ProtocolHandler ["http-nio-8088"]
2026-03-30 09:52:25 [INFO] o.a.catalina.core.StandardService - Starting service [Tomcat]
2026-03-30 09:52:25 [INFO] o.a.catalina.core.StandardEngine - Starting Servlet engine: [Apache Tomcat/11.0.20]
2026-03-30 09:52:25 [INFO] o.s.b.w.c.s.WebApplicationContextInitializer - Root WebApplicationContext: initialization completed in 6413 ms
2026-03-30 09:52:27 [INFO] org.hibernate.orm.jpa - HHH008540: Processing PersistenceUnitInfo [name: default]
2026-03-30 09:52:27 [INFO] org.hibernate.orm.core - HHH000001: Hibernate ORM core version 7.2.7.Final
2026-03-30 09:52:30 [INFO] o.s.o.j.p.SpringPersistenceUnitInfo - No LoadTimeWeaver setup: ignoring JPA class transformer
2026-03-30 09:52:31 [INFO] com.zaxxer.hikari.HikariDataSource - HikariPool-1 - Starting...
2026-03-30 09:52:33 [INFO] com.zaxxer.hikari.pool.HikariPool - HikariPool-1 - Added connection com.mysql.cj.jdbc.ConnectionImpl@35d0cf50
2026-03-30 09:52:33 [INFO] com.zaxxer.hikari.HikariDataSource - HikariPool-1 - Start completed.
2026-03-30 09:52:33 [INFO] o.hibernate.orm.connections.pooling - HHH10001005: Database info:
	Database JDBC URL [jdbc:mysql://127.0.0.1:3306/testdb]
	Database driver: MySQL Connector/J
	Database dialect: MySQLDialect
	Database version: 8.0.45
	Default catalog/schema: testdb/undefined
	Autocommit mode: undefined/unknown
	Isolation level: REPEATABLE_READ [default REPEATABLE_READ]
	JDBC fetch size: none
	Pool: DataSourceConnectionProvider
	Minimum pool size: undefined/unknown
	Maximum pool size: undefined/unknown
2026-03-30 09:52:37 [INFO] org.hibernate.orm.core - HHH000489: No JTA platform available (set 'hibernate.transaction.jta.platform' to enable JTA platform integration)
2026-03-30 09:52:37 [INFO] o.s.o.j.LocalContainerEntityManagerFactoryBean - Initialized JPA EntityManagerFactory for persistence unit 'default'
2026-03-30 09:52:37 [INFO] o.s.d.j.r.q.QueryEnhancerFactories - Hibernate is in classpath; If applicable, HQL parser will be used.
2026-03-30 09:52:38 [WARN] o.s.b.s.a.UserDetailsServiceAutoConfiguration - 

Using generated security password: 4236d9a6-db86-420f-b7ac-22a8e75034ed

This generated password is for development use only. Your security configuration must be updated before running your application in production.

2026-03-30 09:52:38 [INFO] o.s.s.c.a.a.c.InitializeUserDetailsBeanManagerConfigurer$InitializeUserDetailsManagerConfigurer - Global AuthenticationManager configured with UserDetailsService bean with name inMemoryUserDetailsManager
2026-03-30 09:52:40 [INFO] o.a.coyote.http11.Http11NioProtocol - Starting ProtocolHandler ["http-nio-8088"]
2026-03-30 09:52:40 [INFO] o.s.boot.tomcat.TomcatWebServer - Tomcat started on port 8088 (http) with context path '/'
2026-03-30 09:52:40 [INFO] com.example.demo.DemoApplication - Started DemoApplication in 25.854 seconds (process running for 29.241)
2026-03-30 09:55:21 [INFO] o.a.c.c.C.[Tomcat].[localhost].[/] - Initializing Spring DispatcherServlet 'dispatcherServlet'
2026-03-30 09:55:21 [INFO] o.s.web.servlet.DispatcherServlet - Initializing Servlet 'dispatcherServlet'
2026-03-30 09:55:21 [INFO] o.s.web.servlet.DispatcherServlet - Completed initialization in 24 ms
2026-03-30 09:56:51 [INFO] c.e.demo.controller.UserController - Fetching all users
2026-03-30 10:20:06 [INFO] com.example.demo.DemoApplication - Starting DemoApplication using Java 21.0.10 with PID 18436 (C:\Users\ADMIN\Downloads\demo\demo\build\classes\java\main started by ADMIN in C:\Users\ADMIN\Downloads\demo)
2026-03-30 10:20:06 [INFO] com.example.demo.DemoApplication - No active profile set, falling back to 1 default profile: "default"
2026-03-30 10:20:07 [INFO] o.s.b.d.e.DevToolsPropertyDefaultsPostProcessor - Devtools property defaults active! Set 'spring.devtools.add-properties' to 'false' to disable
2026-03-30 10:20:07 [INFO] o.s.b.d.e.DevToolsPropertyDefaultsPostProcessor - For additional web related logging consider setting the 'logging.level.web' property to 'DEBUG'
2026-03-30 10:20:11 [INFO] o.s.d.r.c.RepositoryConfigurationDelegate - Bootstrapping Spring Data JPA repositories in DEFAULT mode.
2026-03-30 10:20:12 [INFO] o.s.d.r.c.RepositoryConfigurationDelegate - Finished Spring Data repository scanning in 162 ms. Found 1 JPA repository interface.
2026-03-30 10:20:15 [INFO] o.s.boot.tomcat.TomcatWebServer - Tomcat initialized with port 8088 (http)
2026-03-30 10:20:15 [INFO] o.a.coyote.http11.Http11NioProtocol - Initializing ProtocolHandler ["http-nio-8088"]
2026-03-30 10:20:15 [INFO] o.a.catalina.core.StandardService - Starting service [Tomcat]
2026-03-30 10:20:15 [INFO] o.a.catalina.core.StandardEngine - Starting Servlet engine: [Apache Tomcat/11.0.20]
2026-03-30 10:20:15 [INFO] o.s.b.w.c.s.WebApplicationContextInitializer - Root WebApplicationContext: initialization completed in 8402 ms
2026-03-30 10:20:16 [INFO] org.hibernate.orm.jpa - HHH008540: Processing PersistenceUnitInfo [name: default]
2026-03-30 10:20:17 [INFO] org.hibernate.orm.core - HHH000001: Hibernate ORM core version 7.2.7.Final
2026-03-30 10:20:19 [INFO] o.s.o.j.p.SpringPersistenceUnitInfo - No LoadTimeWeaver setup: ignoring JPA class transformer
2026-03-30 10:20:19 [INFO] com.zaxxer.hikari.HikariDataSource - HikariPool-1 - Starting...
2026-03-30 10:20:20 [INFO] com.zaxxer.hikari.pool.HikariPool - HikariPool-1 - Added connection com.mysql.cj.jdbc.ConnectionImpl@705732c9
2026-03-30 10:20:20 [INFO] com.zaxxer.hikari.HikariDataSource - HikariPool-1 - Start completed.
2026-03-30 10:20:20 [INFO] o.hibernate.orm.connections.pooling - HHH10001005: Database info:
	Database JDBC URL [jdbc:mysql://127.0.0.1:3306/testdb]
	Database driver: MySQL Connector/J
	Database dialect: MySQLDialect
	Database version: 8.0.45
	Default catalog/schema: testdb/undefined
	Autocommit mode: undefined/unknown
	Isolation level: REPEATABLE_READ [default REPEATABLE_READ]
	JDBC fetch size: none
	Pool: DataSourceConnectionProvider
	Minimum pool size: undefined/unknown
	Maximum pool size: undefined/unknown
2026-03-30 10:20:22 [INFO] org.hibernate.orm.core - HHH000489: No JTA platform available (set 'hibernate.transaction.jta.platform' to enable JTA platform integration)
2026-03-30 10:20:23 [INFO] o.s.o.j.LocalContainerEntityManagerFactoryBean - Initialized JPA EntityManagerFactory for persistence unit 'default'
2026-03-30 10:20:23 [INFO] o.s.d.j.r.q.QueryEnhancerFactories - Hibernate is in classpath; If applicable, HQL parser will be used.
2026-03-30 10:20:23 [WARN] o.s.b.s.a.UserDetailsServiceAutoConfiguration - 

Using generated security password: 95aec47e-672e-44df-8e90-dfa18b3f6412

This generated password is for development use only. Your security configuration must be updated before running your application in production.

2026-03-30 10:20:23 [INFO] o.s.s.c.a.a.c.InitializeUserDetailsBeanManagerConfigurer$InitializeUserDetailsManagerConfigurer - Global AuthenticationManager configured with UserDetailsService bean with name inMemoryUserDetailsManager
2026-03-30 10:20:25 [INFO] o.a.coyote.http11.Http11NioProtocol - Starting ProtocolHandler ["http-nio-8088"]
2026-03-30 10:20:25 [WARN] o.s.b.w.s.s.c.AnnotationConfigServletWebServerApplicationContext - Exception encountered during context initialization - cancelling refresh attempt: org.springframework.context.ApplicationContextException: Failed to start bean 'webServerStartStop'
2026-03-30 10:20:25 [INFO] o.s.o.j.LocalContainerEntityManagerFactoryBean - Closing JPA EntityManagerFactory for persistence unit 'default'
2026-03-30 10:20:25 [INFO] com.zaxxer.hikari.HikariDataSource - HikariPool-1 - Shutdown initiated...
2026-03-30 10:20:25 [INFO] com.zaxxer.hikari.HikariDataSource - HikariPool-1 - Shutdown completed.
2026-03-30 10:20:25 [INFO] o.s.b.a.l.ConditionEvaluationReportLogger - 

Error starting ApplicationContext. To display the condition evaluation report re-run your application with 'debug' enabled.
2026-03-30 10:20:25 [ERROR] o.s.b.d.LoggingFailureAnalysisReporter - 

***************************
APPLICATION FAILED TO START
***************************

Description:

Web server failed to start. Port 8088 was already in use.

Action:

Identify and stop the process that's listening on port 8088 or configure this application to listen on another port.

2026-03-30 10:21:09 [INFO] com.example.demo.DemoApplication - Starting DemoApplication using Java 21.0.10 with PID 50568 (C:\Users\ADMIN\Downloads\demo\demo\build\classes\java\main started by ADMIN in C:\Users\ADMIN\Downloads\demo)
2026-03-30 10:21:09 [INFO] com.example.demo.DemoApplication - No active profile set, falling back to 1 default profile: "default"
2026-03-30 10:21:09 [INFO] o.s.b.d.e.DevToolsPropertyDefaultsPostProcessor - Devtools property defaults active! Set 'spring.devtools.add-properties' to 'false' to disable
2026-03-30 10:21:09 [INFO] o.s.b.d.e.DevToolsPropertyDefaultsPostProcessor - For additional web related logging consider setting the 'logging.level.web' property to 'DEBUG'
2026-03-30 10:21:13 [INFO] o.s.d.r.c.RepositoryConfigurationDelegate - Bootstrapping Spring Data JPA repositories in DEFAULT mode.
2026-03-30 10:21:14 [INFO] o.s.d.r.c.RepositoryConfigurationDelegate - Finished Spring Data repository scanning in 444 ms. Found 1 JPA repository interface.
2026-03-30 10:21:17 [INFO] o.s.boot.tomcat.TomcatWebServer - Tomcat initialized with port 8088 (http)
2026-03-30 10:21:17 [INFO] o.a.coyote.http11.Http11NioProtocol - Initializing ProtocolHandler ["http-nio-8088"]
2026-03-30 10:21:17 [INFO] o.a.catalina.core.StandardService - Starting service [Tomcat]
2026-03-30 10:21:17 [INFO] o.a.catalina.core.StandardEngine - Starting Servlet engine: [Apache Tomcat/11.0.20]
2026-03-30 10:21:18 [INFO] o.s.b.w.c.s.WebApplicationContextInitializer - Root WebApplicationContext: initialization completed in 8663 ms
2026-03-30 10:21:19 [INFO] org.hibernate.orm.jpa - HHH008540: Processing PersistenceUnitInfo [name: default]
2026-03-30 10:21:20 [INFO] org.hibernate.orm.core - HHH000001: Hibernate ORM core version 7.2.7.Final
2026-03-30 10:21:21 [INFO] o.s.o.j.p.SpringPersistenceUnitInfo - No LoadTimeWeaver setup: ignoring JPA class transformer
2026-03-30 10:21:22 [INFO] com.zaxxer.hikari.HikariDataSource - HikariPool-1 - Starting...
2026-03-30 10:21:23 [INFO] com.zaxxer.hikari.pool.HikariPool - HikariPool-1 - Added connection com.mysql.cj.jdbc.ConnectionImpl@7f83d7ba
2026-03-30 10:21:23 [INFO] com.zaxxer.hikari.HikariDataSource - HikariPool-1 - Start completed.
2026-03-30 10:21:23 [INFO] o.hibernate.orm.connections.pooling - HHH10001005: Database info:
	Database JDBC URL [jdbc:mysql://127.0.0.1:3306/testdb]
	Database driver: MySQL Connector/J
	Database dialect: MySQLDialect
	Database version: 8.0.45
	Default catalog/schema: testdb/undefined
	Autocommit mode: undefined/unknown
	Isolation level: REPEATABLE_READ [default REPEATABLE_READ]
	JDBC fetch size: none
	Pool: DataSourceConnectionProvider
	Minimum pool size: undefined/unknown
	Maximum pool size: undefined/unknown
2026-03-30 10:21:25 [INFO] org.hibernate.orm.core - HHH000489: No JTA platform available (set 'hibernate.transaction.jta.platform' to enable JTA platform integration)
2026-03-30 10:21:25 [INFO] o.s.o.j.LocalContainerEntityManagerFactoryBean - Initialized JPA EntityManagerFactory for persistence unit 'default'
2026-03-30 10:21:26 [INFO] o.s.d.j.r.q.QueryEnhancerFactories - Hibernate is in classpath; If applicable, HQL parser will be used.
2026-03-30 10:21:26 [WARN] o.s.b.s.a.UserDetailsServiceAutoConfiguration - 

Using generated security password: 3d7c8f33-7d2f-498b-895c-cecd647992d5

This generated password is for development use only. Your security configuration must be updated before running your application in production.

2026-03-30 10:21:26 [INFO] o.s.s.c.a.a.c.InitializeUserDetailsBeanManagerConfigurer$InitializeUserDetailsManagerConfigurer - Global AuthenticationManager configured with UserDetailsService bean with name inMemoryUserDetailsManager
2026-03-30 10:21:28 [INFO] o.a.coyote.http11.Http11NioProtocol - Starting ProtocolHandler ["http-nio-8088"]
2026-03-30 10:21:28 [WARN] o.s.b.w.s.s.c.AnnotationConfigServletWebServerApplicationContext - Exception encountered during context initialization - cancelling refresh attempt: org.springframework.context.ApplicationContextException: Failed to start bean 'webServerStartStop'
2026-03-30 10:21:28 [INFO] o.s.o.j.LocalContainerEntityManagerFactoryBean - Closing JPA EntityManagerFactory for persistence unit 'default'
2026-03-30 10:21:28 [INFO] com.zaxxer.hikari.HikariDataSource - HikariPool-1 - Shutdown initiated...
2026-03-30 10:21:28 [INFO] com.zaxxer.hikari.HikariDataSource - HikariPool-1 - Shutdown completed.
2026-03-30 10:21:28 [INFO] o.s.b.a.l.ConditionEvaluationReportLogger - 

Error starting ApplicationContext. To display the condition evaluation report re-run your application with 'debug' enabled.
2026-03-30 10:21:28 [ERROR] o.s.b.d.LoggingFailureAnalysisReporter - 

***************************
APPLICATION FAILED TO START
***************************

Description:

Web server failed to start. Port 8088 was already in use.

Action:

Identify and stop the process that's listening on port 8088 or configure this application to listen on another port.

2026-03-30 10:23:52 [INFO] com.example.demo.DemoApplication - Starting DemoApplication using Java 21.0.10 with PID 35968 (C:\Users\ADMIN\Downloads\demo\demo\build\classes\java\main started by ADMIN in C:\Users\ADMIN\Downloads\demo)
2026-03-30 10:23:52 [INFO] com.example.demo.DemoApplication - No active profile set, falling back to 1 default profile: "default"
2026-03-30 10:23:52 [INFO] o.s.b.d.e.DevToolsPropertyDefaultsPostProcessor - Devtools property defaults active! Set 'spring.devtools.add-properties' to 'false' to disable
2026-03-30 10:23:52 [INFO] o.s.b.d.e.DevToolsPropertyDefaultsPostProcessor - For additional web related logging consider setting the 'logging.level.web' property to 'DEBUG'
2026-03-30 10:23:55 [INFO] o.s.d.r.c.RepositoryConfigurationDelegate - Bootstrapping Spring Data JPA repositories in DEFAULT mode.
2026-03-30 10:23:56 [INFO] o.s.d.r.c.RepositoryConfigurationDelegate - Finished Spring Data repository scanning in 352 ms. Found 1 JPA repository interface.
2026-03-30 10:23:58 [INFO] o.s.boot.tomcat.TomcatWebServer - Tomcat initialized with port 8088 (http)
2026-03-30 10:23:58 [INFO] o.a.coyote.http11.Http11NioProtocol - Initializing ProtocolHandler ["http-nio-8088"]
2026-03-30 10:23:58 [INFO] o.a.catalina.core.StandardService - Starting service [Tomcat]
2026-03-30 10:23:58 [INFO] o.a.catalina.core.StandardEngine - Starting Servlet engine: [Apache Tomcat/11.0.20]
2026-03-30 10:23:59 [INFO] o.s.b.w.c.s.WebApplicationContextInitializer - Root WebApplicationContext: initialization completed in 6958 ms
2026-03-30 10:24:01 [INFO] org.hibernate.orm.jpa - HHH008540: Processing PersistenceUnitInfo [name: default]
2026-03-30 10:24:01 [INFO] org.hibernate.orm.core - HHH000001: Hibernate ORM core version 7.2.7.Final
2026-03-30 10:24:02 [INFO] o.s.o.j.p.SpringPersistenceUnitInfo - No LoadTimeWeaver setup: ignoring JPA class transformer
2026-03-30 10:24:03 [INFO] com.zaxxer.hikari.HikariDataSource - HikariPool-1 - Starting...
2026-03-30 10:24:04 [INFO] com.zaxxer.hikari.pool.HikariPool - HikariPool-1 - Added connection com.mysql.cj.jdbc.ConnectionImpl@651dfee2
2026-03-30 10:24:04 [INFO] com.zaxxer.hikari.HikariDataSource - HikariPool-1 - Start completed.
2026-03-30 10:24:04 [INFO] o.hibernate.orm.connections.pooling - HHH10001005: Database info:
	Database JDBC URL [jdbc:mysql://127.0.0.1:3306/testdb]
	Database driver: MySQL Connector/J
	Database dialect: MySQLDialect
	Database version: 8.0.45
	Default catalog/schema: testdb/undefined
	Autocommit mode: undefined/unknown
	Isolation level: REPEATABLE_READ [default REPEATABLE_READ]
	JDBC fetch size: none
	Pool: DataSourceConnectionProvider
	Minimum pool size: undefined/unknown
	Maximum pool size: undefined/unknown
2026-03-30 10:24:06 [INFO] org.hibernate.orm.core - HHH000489: No JTA platform available (set 'hibernate.transaction.jta.platform' to enable JTA platform integration)
2026-03-30 10:24:06 [INFO] o.s.o.j.LocalContainerEntityManagerFactoryBean - Initialized JPA EntityManagerFactory for persistence unit 'default'
2026-03-30 10:24:06 [INFO] o.s.d.j.r.q.QueryEnhancerFactories - Hibernate is in classpath; If applicable, HQL parser will be used.
2026-03-30 10:24:07 [WARN] o.s.b.s.a.UserDetailsServiceAutoConfiguration - 

Using generated security password: 602a8796-5961-4b59-8f5c-5ceb73e3acef

This generated password is for development use only. Your security configuration must be updated before running your application in production.

2026-03-30 10:24:07 [INFO] o.s.s.c.a.a.c.InitializeUserDetailsBeanManagerConfigurer$InitializeUserDetailsManagerConfigurer - Global AuthenticationManager configured with UserDetailsService bean with name inMemoryUserDetailsManager
2026-03-30 10:24:09 [INFO] o.a.coyote.http11.Http11NioProtocol - Starting ProtocolHandler ["http-nio-8088"]
2026-03-30 10:24:09 [INFO] o.s.boot.tomcat.TomcatWebServer - Tomcat started on port 8088 (http) with context path '/'
2026-03-30 10:24:09 [INFO] com.example.demo.DemoApplication - Started DemoApplication in 20.11 seconds (process running for 21.922)
2026-03-30 10:24:45 [INFO] com.example.demo.DemoApplication - Starting DemoApplication using Java 21.0.10 with PID 44192 (C:\Users\ADMIN\Downloads\demo\demo\build\classes\java\main started by ADMIN in C:\Users\ADMIN\Downloads\demo)
2026-03-30 10:24:45 [INFO] com.example.demo.DemoApplication - No active profile set, falling back to 1 default profile: "default"
2026-03-30 10:24:46 [INFO] o.s.b.d.e.DevToolsPropertyDefaultsPostProcessor - Devtools property defaults active! Set 'spring.devtools.add-properties' to 'false' to disable
2026-03-30 10:24:46 [INFO] o.s.b.d.e.DevToolsPropertyDefaultsPostProcessor - For additional web related logging consider setting the 'logging.level.web' property to 'DEBUG'
2026-03-30 10:24:50 [INFO] o.s.d.r.c.RepositoryConfigurationDelegate - Bootstrapping Spring Data JPA repositories in DEFAULT mode.
2026-03-30 10:24:51 [INFO] o.s.d.r.c.RepositoryConfigurationDelegate - Finished Spring Data repository scanning in 197 ms. Found 1 JPA repository interface.
2026-03-30 10:24:54 [INFO] o.s.boot.tomcat.TomcatWebServer - Tomcat initialized with port 8088 (http)
2026-03-30 10:24:54 [INFO] o.a.coyote.http11.Http11NioProtocol - Initializing ProtocolHandler ["http-nio-8088"]
2026-03-30 10:24:54 [INFO] o.a.catalina.core.StandardService - Starting service [Tomcat]
2026-03-30 10:24:54 [INFO] o.a.catalina.core.StandardEngine - Starting Servlet engine: [Apache Tomcat/11.0.20]
2026-03-30 10:24:54 [INFO] o.s.b.w.c.s.WebApplicationContextInitializer - Root WebApplicationContext: initialization completed in 8457 ms
2026-03-30 10:24:55 [INFO] org.hibernate.orm.jpa - HHH008540: Processing PersistenceUnitInfo [name: default]
2026-03-30 10:24:55 [INFO] org.hibernate.orm.core - HHH000001: Hibernate ORM core version 7.2.7.Final
2026-03-30 10:24:57 [INFO] o.s.o.j.p.SpringPersistenceUnitInfo - No LoadTimeWeaver setup: ignoring JPA class transformer
2026-03-30 10:24:57 [INFO] com.zaxxer.hikari.HikariDataSource - HikariPool-1 - Starting...
2026-03-30 10:24:58 [INFO] com.zaxxer.hikari.pool.HikariPool - HikariPool-1 - Added connection com.mysql.cj.jdbc.ConnectionImpl@2b63b166
2026-03-30 10:24:58 [INFO] com.zaxxer.hikari.HikariDataSource - HikariPool-1 - Start completed.
2026-03-30 10:24:58 [INFO] o.hibernate.orm.connections.pooling - HHH10001005: Database info:
	Database JDBC URL [jdbc:mysql://127.0.0.1:3306/testdb]
	Database driver: MySQL Connector/J
	Database dialect: MySQLDialect
	Database version: 8.0.45
	Default catalog/schema: testdb/undefined
	Autocommit mode: undefined/unknown
	Isolation level: REPEATABLE_READ [default REPEATABLE_READ]
	JDBC fetch size: none
	Pool: DataSourceConnectionProvider
	Minimum pool size: undefined/unknown
	Maximum pool size: undefined/unknown
2026-03-30 10:25:00 [INFO] org.hibernate.orm.core - HHH000489: No JTA platform available (set 'hibernate.transaction.jta.platform' to enable JTA platform integration)
2026-03-30 10:25:00 [INFO] o.s.o.j.LocalContainerEntityManagerFactoryBean - Initialized JPA EntityManagerFactory for persistence unit 'default'
2026-03-30 10:25:00 [INFO] o.s.d.j.r.q.QueryEnhancerFactories - Hibernate is in classpath; If applicable, HQL parser will be used.
2026-03-30 10:25:01 [WARN] o.s.b.s.a.UserDetailsServiceAutoConfiguration - 

Using generated security password: 76fd2e71-3cfd-423d-8d19-34e32d01481d

This generated password is for development use only. Your security configuration must be updated before running your application in production.

2026-03-30 10:25:01 [INFO] o.s.s.c.a.a.c.InitializeUserDetailsBeanManagerConfigurer$InitializeUserDetailsManagerConfigurer - Global AuthenticationManager configured with UserDetailsService bean with name inMemoryUserDetailsManager
2026-03-30 10:25:02 [INFO] o.a.coyote.http11.Http11NioProtocol - Starting ProtocolHandler ["http-nio-8088"]
2026-03-30 10:25:02 [WARN] o.s.b.w.s.s.c.AnnotationConfigServletWebServerApplicationContext - Exception encountered during context initialization - cancelling refresh attempt: org.springframework.context.ApplicationContextException: Failed to start bean 'webServerStartStop'
2026-03-30 10:25:02 [INFO] o.s.o.j.LocalContainerEntityManagerFactoryBean - Closing JPA EntityManagerFactory for persistence unit 'default'
2026-03-30 10:25:02 [INFO] com.zaxxer.hikari.HikariDataSource - HikariPool-1 - Shutdown initiated...
2026-03-30 10:25:02 [INFO] com.zaxxer.hikari.HikariDataSource - HikariPool-1 - Shutdown completed.
2026-03-30 10:25:02 [INFO] o.s.b.a.l.ConditionEvaluationReportLogger - 

Error starting ApplicationContext. To display the condition evaluation report re-run your application with 'debug' enabled.
2026-03-30 10:25:02 [ERROR] o.s.b.d.LoggingFailureAnalysisReporter - 

***************************
APPLICATION FAILED TO START
***************************

Description:

Web server failed to start. Port 8088 was already in use.

Action:

Identify and stop the process that's listening on port 8088 or configure this application to listen on another port.

2026-03-30 10:25:24 [INFO] com.example.demo.DemoApplication - Starting DemoApplication using Java 21.0.10 with PID 21072 (C:\Users\ADMIN\Downloads\demo\demo\build\classes\java\main started by ADMIN in C:\Users\ADMIN\Downloads\demo)
2026-03-30 10:25:24 [INFO] com.example.demo.DemoApplication - No active profile set, falling back to 1 default profile: "default"
2026-03-30 10:25:24 [INFO] o.s.b.d.e.DevToolsPropertyDefaultsPostProcessor - Devtools property defaults active! Set 'spring.devtools.add-properties' to 'false' to disable
2026-03-30 10:25:24 [INFO] o.s.b.d.e.DevToolsPropertyDefaultsPostProcessor - For additional web related logging consider setting the 'logging.level.web' property to 'DEBUG'
2026-03-30 10:25:27 [INFO] o.s.d.r.c.RepositoryConfigurationDelegate - Bootstrapping Spring Data JPA repositories in DEFAULT mode.
2026-03-30 10:25:28 [INFO] o.s.d.r.c.RepositoryConfigurationDelegate - Finished Spring Data repository scanning in 817 ms. Found 1 JPA repository interface.
2026-03-30 10:25:31 [INFO] o.s.boot.tomcat.TomcatWebServer - Tomcat initialized with port 8088 (http)
2026-03-30 10:25:31 [INFO] o.a.coyote.http11.Http11NioProtocol - Initializing ProtocolHandler ["http-nio-8088"]
2026-03-30 10:25:31 [INFO] o.a.catalina.core.StandardService - Starting service [Tomcat]
2026-03-30 10:25:31 [INFO] o.a.catalina.core.StandardEngine - Starting Servlet engine: [Apache Tomcat/11.0.20]
2026-03-30 10:25:32 [INFO] o.s.b.w.c.s.WebApplicationContextInitializer - Root WebApplicationContext: initialization completed in 7302 ms
2026-03-30 10:25:33 [INFO] org.hibernate.orm.jpa - HHH008540: Processing PersistenceUnitInfo [name: default]
2026-03-30 10:25:34 [INFO] org.hibernate.orm.core - HHH000001: Hibernate ORM core version 7.2.7.Final
2026-03-30 10:25:36 [INFO] o.s.o.j.p.SpringPersistenceUnitInfo - No LoadTimeWeaver setup: ignoring JPA class transformer
2026-03-30 10:25:36 [INFO] com.zaxxer.hikari.HikariDataSource - HikariPool-1 - Starting...
2026-03-30 10:25:37 [INFO] com.zaxxer.hikari.pool.HikariPool - HikariPool-1 - Added connection com.mysql.cj.jdbc.ConnectionImpl@6e6c0532
2026-03-30 10:25:37 [INFO] com.zaxxer.hikari.HikariDataSource - HikariPool-1 - Start completed.
2026-03-30 10:25:37 [INFO] o.hibernate.orm.connections.pooling - HHH10001005: Database info:
	Database JDBC URL [jdbc:mysql://127.0.0.1:3306/testdb]
	Database driver: MySQL Connector/J
	Database dialect: MySQLDialect
	Database version: 8.0.45
	Default catalog/schema: testdb/undefined
	Autocommit mode: undefined/unknown
	Isolation level: REPEATABLE_READ [default REPEATABLE_READ]
	JDBC fetch size: none
	Pool: DataSourceConnectionProvider
	Minimum pool size: undefined/unknown
	Maximum pool size: undefined/unknown
2026-03-30 10:25:40 [INFO] org.hibernate.orm.core - HHH000489: No JTA platform available (set 'hibernate.transaction.jta.platform' to enable JTA platform integration)
2026-03-30 10:25:40 [INFO] o.s.o.j.LocalContainerEntityManagerFactoryBean - Initialized JPA EntityManagerFactory for persistence unit 'default'
2026-03-30 10:25:40 [INFO] o.s.d.j.r.q.QueryEnhancerFactories - Hibernate is in classpath; If applicable, HQL parser will be used.
2026-03-30 10:25:41 [WARN] o.s.b.s.a.UserDetailsServiceAutoConfiguration - 

Using generated security password: 1d65187f-c2f4-4be3-8a39-a360cb1a40fa

This generated password is for development use only. Your security configuration must be updated before running your application in production.

2026-03-30 10:25:41 [INFO] o.s.s.c.a.a.c.InitializeUserDetailsBeanManagerConfigurer$InitializeUserDetailsManagerConfigurer - Global AuthenticationManager configured with UserDetailsService bean with name inMemoryUserDetailsManager
2026-03-30 10:25:42 [INFO] o.a.coyote.http11.Http11NioProtocol - Starting ProtocolHandler ["http-nio-8088"]
2026-03-30 10:25:42 [WARN] o.s.b.w.s.s.c.AnnotationConfigServletWebServerApplicationContext - Exception encountered during context initialization - cancelling refresh attempt: org.springframework.context.ApplicationContextException: Failed to start bean 'webServerStartStop'
2026-03-30 10:25:42 [INFO] o.s.o.j.LocalContainerEntityManagerFactoryBean - Closing JPA EntityManagerFactory for persistence unit 'default'
2026-03-30 10:25:42 [INFO] com.zaxxer.hikari.HikariDataSource - HikariPool-1 - Shutdown initiated...
2026-03-30 10:25:42 [INFO] com.zaxxer.hikari.HikariDataSource - HikariPool-1 - Shutdown completed.
2026-03-30 10:25:42 [INFO] o.s.b.a.l.ConditionEvaluationReportLogger - 

Error starting ApplicationContext. To display the condition evaluation report re-run your application with 'debug' enabled.
2026-03-30 10:25:42 [ERROR] o.s.b.d.LoggingFailureAnalysisReporter - 

***************************
APPLICATION FAILED TO START
***************************

Description:

Web server failed to start. Port 8088 was already in use.

Action:

Identify and stop the process that's listening on port 8088 or configure this application to listen on another port.

2026-03-30 10:26:20 [INFO] com.example.demo.DemoApplication - Starting DemoApplication using Java 21.0.10 with PID 50708 (C:\Users\ADMIN\Downloads\demo\demo\build\classes\java\main started by ADMIN in C:\Users\ADMIN\Downloads\demo)
2026-03-30 10:26:20 [INFO] com.example.demo.DemoApplication - No active profile set, falling back to 1 default profile: "default"
2026-03-30 10:26:21 [INFO] o.s.b.d.e.DevToolsPropertyDefaultsPostProcessor - Devtools property defaults active! Set 'spring.devtools.add-properties' to 'false' to disable
2026-03-30 10:26:21 [INFO] o.s.b.d.e.DevToolsPropertyDefaultsPostProcessor - For additional web related logging consider setting the 'logging.level.web' property to 'DEBUG'
2026-03-30 10:26:24 [INFO] o.s.d.r.c.RepositoryConfigurationDelegate - Bootstrapping Spring Data JPA repositories in DEFAULT mode.
2026-03-30 10:26:25 [INFO] o.s.d.r.c.RepositoryConfigurationDelegate - Finished Spring Data repository scanning in 200 ms. Found 1 JPA repository interface.
2026-03-30 10:26:27 [INFO] o.s.boot.tomcat.TomcatWebServer - Tomcat initialized with port 8088 (http)
2026-03-30 10:26:27 [INFO] o.a.coyote.http11.Http11NioProtocol - Initializing ProtocolHandler ["http-nio-8088"]
2026-03-30 10:26:27 [INFO] o.a.catalina.core.StandardService - Starting service [Tomcat]
2026-03-30 10:26:27 [INFO] o.a.catalina.core.StandardEngine - Starting Servlet engine: [Apache Tomcat/11.0.20]
2026-03-30 10:26:28 [INFO] o.s.b.w.c.s.WebApplicationContextInitializer - Root WebApplicationContext: initialization completed in 7011 ms
2026-03-30 10:26:29 [INFO] org.hibernate.orm.jpa - HHH008540: Processing PersistenceUnitInfo [name: default]
2026-03-30 10:26:29 [INFO] org.hibernate.orm.core - HHH000001: Hibernate ORM core version 7.2.7.Final
2026-03-30 10:26:31 [INFO] o.s.o.j.p.SpringPersistenceUnitInfo - No LoadTimeWeaver setup: ignoring JPA class transformer
2026-03-30 10:26:31 [INFO] com.zaxxer.hikari.HikariDataSource - HikariPool-1 - Starting...
2026-03-30 10:26:32 [INFO] com.zaxxer.hikari.pool.HikariPool - HikariPool-1 - Added connection com.mysql.cj.jdbc.ConnectionImpl@236a0497
2026-03-30 10:26:32 [INFO] com.zaxxer.hikari.HikariDataSource - HikariPool-1 - Start completed.
2026-03-30 10:26:32 [INFO] o.hibernate.orm.connections.pooling - HHH10001005: Database info:
	Database JDBC URL [jdbc:mysql://127.0.0.1:3306/testdb]
	Database driver: MySQL Connector/J
	Database dialect: MySQLDialect
	Database version: 8.0.45
	Default catalog/schema: testdb/undefined
	Autocommit mode: undefined/unknown
	Isolation level: REPEATABLE_READ [default REPEATABLE_READ]
	JDBC fetch size: none
	Pool: DataSourceConnectionProvider
	Minimum pool size: undefined/unknown
	Maximum pool size: undefined/unknown
2026-03-30 10:26:34 [INFO] org.hibernate.orm.core - HHH000489: No JTA platform available (set 'hibernate.transaction.jta.platform' to enable JTA platform integration)
2026-03-30 10:26:34 [INFO] o.s.o.j.LocalContainerEntityManagerFactoryBean - Initialized JPA EntityManagerFactory for persistence unit 'default'
2026-03-30 10:26:35 [INFO] o.s.d.j.r.q.QueryEnhancerFactories - Hibernate is in classpath; If applicable, HQL parser will be used.
2026-03-30 10:26:35 [WARN] o.s.b.s.a.UserDetailsServiceAutoConfiguration - 

Using generated security password: bb787cba-331d-4de3-95b4-8062b09f4c5b

This generated password is for development use only. Your security configuration must be updated before running your application in production.

2026-03-30 10:26:35 [INFO] o.s.s.c.a.a.c.InitializeUserDetailsBeanManagerConfigurer$InitializeUserDetailsManagerConfigurer - Global AuthenticationManager configured with UserDetailsService bean with name inMemoryUserDetailsManager
2026-03-30 10:26:36 [INFO] o.a.coyote.http11.Http11NioProtocol - Starting ProtocolHandler ["http-nio-8088"]
2026-03-30 10:26:36 [INFO] o.s.boot.tomcat.TomcatWebServer - Tomcat started on port 8088 (http) with context path '/'
2026-03-30 10:26:37 [INFO] com.example.demo.DemoApplication - Started DemoApplication in 18.987 seconds (process running for 20.947)
2026-03-30 10:27:41 [INFO] com.example.demo.DemoApplication - Starting DemoApplication using Java 21.0.10 with PID 51980 (C:\Users\ADMIN\Downloads\demo\demo\build\classes\java\main started by ADMIN in C:\Users\ADMIN\Downloads\demo)
2026-03-30 10:27:41 [INFO] com.example.demo.DemoApplication - No active profile set, falling back to 1 default profile: "default"
2026-03-30 10:27:42 [INFO] o.s.b.d.e.DevToolsPropertyDefaultsPostProcessor - Devtools property defaults active! Set 'spring.devtools.add-properties' to 'false' to disable
2026-03-30 10:27:42 [INFO] o.s.b.d.e.DevToolsPropertyDefaultsPostProcessor - For additional web related logging consider setting the 'logging.level.web' property to 'DEBUG'
2026-03-30 10:27:45 [INFO] o.s.d.r.c.RepositoryConfigurationDelegate - Bootstrapping Spring Data JPA repositories in DEFAULT mode.
2026-03-30 10:27:45 [INFO] o.s.d.r.c.RepositoryConfigurationDelegate - Finished Spring Data repository scanning in 181 ms. Found 1 JPA repository interface.
2026-03-30 10:27:48 [INFO] o.s.boot.tomcat.TomcatWebServer - Tomcat initialized with port 8088 (http)
2026-03-30 10:27:48 [INFO] o.a.coyote.http11.Http11NioProtocol - Initializing ProtocolHandler ["http-nio-8088"]
2026-03-30 10:27:48 [INFO] o.a.catalina.core.StandardService - Starting service [Tomcat]
2026-03-30 10:27:48 [INFO] o.a.catalina.core.StandardEngine - Starting Servlet engine: [Apache Tomcat/11.0.20]
2026-03-30 10:27:48 [INFO] o.s.b.w.c.s.WebApplicationContextInitializer - Root WebApplicationContext: initialization completed in 6441 ms
2026-03-30 10:27:50 [INFO] org.hibernate.orm.jpa - HHH008540: Processing PersistenceUnitInfo [name: default]
2026-03-30 10:27:50 [INFO] org.hibernate.orm.core - HHH000001: Hibernate ORM core version 7.2.7.Final
2026-03-30 10:27:52 [INFO] o.s.o.j.p.SpringPersistenceUnitInfo - No LoadTimeWeaver setup: ignoring JPA class transformer
2026-03-30 10:27:53 [INFO] com.zaxxer.hikari.HikariDataSource - HikariPool-1 - Starting...
2026-03-30 10:27:54 [INFO] com.zaxxer.hikari.pool.HikariPool - HikariPool-1 - Added connection com.mysql.cj.jdbc.ConnectionImpl@2417ace2
2026-03-30 10:27:54 [INFO] com.zaxxer.hikari.HikariDataSource - HikariPool-1 - Start completed.
2026-03-30 10:27:54 [INFO] o.hibernate.orm.connections.pooling - HHH10001005: Database info:
	Database JDBC URL [jdbc:mysql://127.0.0.1:3306/testdb]
	Database driver: MySQL Connector/J
	Database dialect: MySQLDialect
	Database version: 8.0.45
	Default catalog/schema: testdb/undefined
	Autocommit mode: undefined/unknown
	Isolation level: REPEATABLE_READ [default REPEATABLE_READ]
	JDBC fetch size: none
	Pool: DataSourceConnectionProvider
	Minimum pool size: undefined/unknown
	Maximum pool size: undefined/unknown
2026-03-30 10:27:56 [INFO] org.hibernate.orm.core - HHH000489: No JTA platform available (set 'hibernate.transaction.jta.platform' to enable JTA platform integration)
2026-03-30 10:27:56 [INFO] o.s.o.j.LocalContainerEntityManagerFactoryBean - Initialized JPA EntityManagerFactory for persistence unit 'default'
2026-03-30 10:27:57 [INFO] o.s.d.j.r.q.QueryEnhancerFactories - Hibernate is in classpath; If applicable, HQL parser will be used.
2026-03-30 10:27:57 [WARN] o.s.b.s.a.UserDetailsServiceAutoConfiguration - 

Using generated security password: 17068935-13ed-4f69-929e-d8ffdf12bbce

This generated password is for development use only. Your security configuration must be updated before running your application in production.

2026-03-30 10:27:57 [INFO] o.s.s.c.a.a.c.InitializeUserDetailsBeanManagerConfigurer$InitializeUserDetailsManagerConfigurer - Global AuthenticationManager configured with UserDetailsService bean with name inMemoryUserDetailsManager
2026-03-30 10:27:59 [INFO] o.a.coyote.http11.Http11NioProtocol - Starting ProtocolHandler ["http-nio-8088"]
2026-03-30 10:27:59 [WARN] o.s.b.w.s.s.c.AnnotationConfigServletWebServerApplicationContext - Exception encountered during context initialization - cancelling refresh attempt: org.springframework.context.ApplicationContextException: Failed to start bean 'webServerStartStop'
2026-03-30 10:27:59 [INFO] o.s.o.j.LocalContainerEntityManagerFactoryBean - Closing JPA EntityManagerFactory for persistence unit 'default'
2026-03-30 10:27:59 [INFO] com.zaxxer.hikari.HikariDataSource - HikariPool-1 - Shutdown initiated...
2026-03-30 10:27:59 [INFO] com.zaxxer.hikari.HikariDataSource - HikariPool-1 - Shutdown completed.
2026-03-30 10:27:59 [INFO] o.s.b.a.l.ConditionEvaluationReportLogger - 

Error starting ApplicationContext. To display the condition evaluation report re-run your application with 'debug' enabled.
2026-03-30 10:27:59 [ERROR] o.s.b.d.LoggingFailureAnalysisReporter - 

***************************
APPLICATION FAILED TO START
***************************

Description:

Web server failed to start. Port 8088 was already in use.

Action:

Identify and stop the process that's listening on port 8088 or configure this application to listen on another port.

2026-03-30 10:28:18 [INFO] com.example.demo.DemoApplication - Starting DemoApplication using Java 21.0.10 with PID 51652 (C:\Users\ADMIN\Downloads\demo\demo\build\classes\java\main started by ADMIN in C:\Users\ADMIN\Downloads\demo)
2026-03-30 10:28:18 [INFO] com.example.demo.DemoApplication - No active profile set, falling back to 1 default profile: "default"
2026-03-30 10:28:19 [INFO] o.s.b.d.e.DevToolsPropertyDefaultsPostProcessor - Devtools property defaults active! Set 'spring.devtools.add-properties' to 'false' to disable
2026-03-30 10:28:19 [INFO] o.s.b.d.e.DevToolsPropertyDefaultsPostProcessor - For additional web related logging consider setting the 'logging.level.web' property to 'DEBUG'
2026-03-30 10:28:23 [INFO] o.s.d.r.c.RepositoryConfigurationDelegate - Bootstrapping Spring Data JPA repositories in DEFAULT mode.
2026-03-30 10:28:23 [INFO] o.s.d.r.c.RepositoryConfigurationDelegate - Finished Spring Data repository scanning in 201 ms. Found 1 JPA repository interface.
2026-03-30 10:28:26 [INFO] o.s.boot.tomcat.TomcatWebServer - Tomcat initialized with port 8088 (http)
2026-03-30 10:28:26 [INFO] o.a.coyote.http11.Http11NioProtocol - Initializing ProtocolHandler ["http-nio-8088"]
2026-03-30 10:28:26 [INFO] o.a.catalina.core.StandardService - Starting service [Tomcat]
2026-03-30 10:28:26 [INFO] o.a.catalina.core.StandardEngine - Starting Servlet engine: [Apache Tomcat/11.0.20]
2026-03-30 10:28:27 [INFO] o.s.b.w.c.s.WebApplicationContextInitializer - Root WebApplicationContext: initialization completed in 7766 ms
2026-03-30 10:28:28 [INFO] org.hibernate.orm.jpa - HHH008540: Processing PersistenceUnitInfo [name: default]
2026-03-30 10:28:29 [INFO] org.hibernate.orm.core - HHH000001: Hibernate ORM core version 7.2.7.Final
2026-03-30 10:28:31 [INFO] o.s.o.j.p.SpringPersistenceUnitInfo - No LoadTimeWeaver setup: ignoring JPA class transformer
2026-03-30 10:28:31 [INFO] com.zaxxer.hikari.HikariDataSource - HikariPool-1 - Starting...
2026-03-30 10:28:32 [INFO] com.zaxxer.hikari.pool.HikariPool - HikariPool-1 - Added connection com.mysql.cj.jdbc.ConnectionImpl@7ee6830f
2026-03-30 10:28:32 [INFO] com.zaxxer.hikari.HikariDataSource - HikariPool-1 - Start completed.
2026-03-30 10:28:32 [INFO] o.hibernate.orm.connections.pooling - HHH10001005: Database info:
	Database JDBC URL [jdbc:mysql://127.0.0.1:3306/testdb]
	Database driver: MySQL Connector/J
	Database dialect: MySQLDialect
	Database version: 8.0.45
	Default catalog/schema: testdb/undefined
	Autocommit mode: undefined/unknown
	Isolation level: REPEATABLE_READ [default REPEATABLE_READ]
	JDBC fetch size: none
	Pool: DataSourceConnectionProvider
	Minimum pool size: undefined/unknown
	Maximum pool size: undefined/unknown
2026-03-30 10:28:35 [INFO] org.hibernate.orm.core - HHH000489: No JTA platform available (set 'hibernate.transaction.jta.platform' to enable JTA platform integration)
2026-03-30 10:28:35 [INFO] o.s.o.j.LocalContainerEntityManagerFactoryBean - Initialized JPA EntityManagerFactory for persistence unit 'default'
2026-03-30 10:28:35 [INFO] o.s.d.j.r.q.QueryEnhancerFactories - Hibernate is in classpath; If applicable, HQL parser will be used.
2026-03-30 10:28:36 [WARN] o.s.b.s.a.UserDetailsServiceAutoConfiguration - 

Using generated security password: d8c6d15c-2d0c-48fe-bf0a-091c679e365f

This generated password is for development use only. Your security configuration must be updated before running your application in production.

2026-03-30 10:28:36 [INFO] o.s.s.c.a.a.c.InitializeUserDetailsBeanManagerConfigurer$InitializeUserDetailsManagerConfigurer - Global AuthenticationManager configured with UserDetailsService bean with name inMemoryUserDetailsManager
2026-03-30 10:28:37 [INFO] o.a.coyote.http11.Http11NioProtocol - Starting ProtocolHandler ["http-nio-8088"]
2026-03-30 10:28:37 [WARN] o.s.b.w.s.s.c.AnnotationConfigServletWebServerApplicationContext - Exception encountered during context initialization - cancelling refresh attempt: org.springframework.context.ApplicationContextException: Failed to start bean 'webServerStartStop'
2026-03-30 10:28:37 [INFO] o.s.o.j.LocalContainerEntityManagerFactoryBean - Closing JPA EntityManagerFactory for persistence unit 'default'
2026-03-30 10:28:37 [INFO] com.zaxxer.hikari.HikariDataSource - HikariPool-1 - Shutdown initiated...
2026-03-30 10:28:37 [INFO] com.zaxxer.hikari.HikariDataSource - HikariPool-1 - Shutdown completed.
2026-03-30 10:28:37 [INFO] o.s.b.a.l.ConditionEvaluationReportLogger - 

Error starting ApplicationContext. To display the condition evaluation report re-run your application with 'debug' enabled.
2026-03-30 10:28:37 [ERROR] o.s.b.d.LoggingFailureAnalysisReporter - 

***************************
APPLICATION FAILED TO START
***************************

Description:

Web server failed to start. Port 8088 was already in use.

Action:

Identify and stop the process that's listening on port 8088 or configure this application to listen on another port.

2026-03-30 10:29:02 [INFO] com.example.demo.DemoApplication - Starting DemoApplication using Java 21.0.10 with PID 48292 (C:\Users\ADMIN\Downloads\demo\demo\build\classes\java\main started by ADMIN in C:\Users\ADMIN\Downloads\demo)
2026-03-30 10:29:02 [INFO] com.example.demo.DemoApplication - No active profile set, falling back to 1 default profile: "default"
2026-03-30 10:29:02 [INFO] o.s.b.d.e.DevToolsPropertyDefaultsPostProcessor - Devtools property defaults active! Set 'spring.devtools.add-properties' to 'false' to disable
2026-03-30 10:29:02 [INFO] o.s.b.d.e.DevToolsPropertyDefaultsPostProcessor - For additional web related logging consider setting the 'logging.level.web' property to 'DEBUG'
2026-03-30 10:29:04 [INFO] o.s.d.r.c.RepositoryConfigurationDelegate - Bootstrapping Spring Data JPA repositories in DEFAULT mode.
2026-03-30 10:29:05 [INFO] o.s.d.r.c.RepositoryConfigurationDelegate - Finished Spring Data repository scanning in 165 ms. Found 1 JPA repository interface.
2026-03-30 10:29:07 [INFO] o.s.boot.tomcat.TomcatWebServer - Tomcat initialized with port 8088 (http)
2026-03-30 10:29:07 [INFO] o.a.coyote.http11.Http11NioProtocol - Initializing ProtocolHandler ["http-nio-8088"]
2026-03-30 10:29:07 [INFO] o.a.catalina.core.StandardService - Starting service [Tomcat]
2026-03-30 10:29:07 [INFO] o.a.catalina.core.StandardEngine - Starting Servlet engine: [Apache Tomcat/11.0.20]
2026-03-30 10:29:07 [INFO] o.s.b.w.c.s.WebApplicationContextInitializer - Root WebApplicationContext: initialization completed in 5510 ms
2026-03-30 10:29:08 [INFO] org.hibernate.orm.jpa - HHH008540: Processing PersistenceUnitInfo [name: default]
2026-03-30 10:29:09 [INFO] org.hibernate.orm.core - HHH000001: Hibernate ORM core version 7.2.7.Final
2026-03-30 10:29:11 [INFO] o.s.o.j.p.SpringPersistenceUnitInfo - No LoadTimeWeaver setup: ignoring JPA class transformer
2026-03-30 10:29:11 [INFO] com.zaxxer.hikari.HikariDataSource - HikariPool-1 - Starting...
2026-03-30 10:29:12 [INFO] com.zaxxer.hikari.pool.HikariPool - HikariPool-1 - Added connection com.mysql.cj.jdbc.ConnectionImpl@1c19a737
2026-03-30 10:29:12 [INFO] com.zaxxer.hikari.HikariDataSource - HikariPool-1 - Start completed.
2026-03-30 10:29:13 [INFO] o.hibernate.orm.connections.pooling - HHH10001005: Database info:
	Database JDBC URL [jdbc:mysql://127.0.0.1:3306/testdb]
	Database driver: MySQL Connector/J
	Database dialect: MySQLDialect
	Database version: 8.0.45
	Default catalog/schema: testdb/undefined
	Autocommit mode: undefined/unknown
	Isolation level: REPEATABLE_READ [default REPEATABLE_READ]
	JDBC fetch size: none
	Pool: DataSourceConnectionProvider
	Minimum pool size: undefined/unknown
	Maximum pool size: undefined/unknown
2026-03-30 10:29:15 [INFO] org.hibernate.orm.core - HHH000489: No JTA platform available (set 'hibernate.transaction.jta.platform' to enable JTA platform integration)
2026-03-30 10:29:15 [INFO] o.s.o.j.LocalContainerEntityManagerFactoryBean - Initialized JPA EntityManagerFactory for persistence unit 'default'
2026-03-30 10:29:16 [INFO] o.s.d.j.r.q.QueryEnhancerFactories - Hibernate is in classpath; If applicable, HQL parser will be used.
2026-03-30 10:29:16 [WARN] o.s.b.s.a.UserDetailsServiceAutoConfiguration - 

Using generated security password: 8547cfe5-74c4-4ed4-b4b8-dd5d2d00b3f7

This generated password is for development use only. Your security configuration must be updated before running your application in production.

2026-03-30 10:29:16 [INFO] o.s.s.c.a.a.c.InitializeUserDetailsBeanManagerConfigurer$InitializeUserDetailsManagerConfigurer - Global AuthenticationManager configured with UserDetailsService bean with name inMemoryUserDetailsManager
2026-03-30 10:29:18 [INFO] o.a.coyote.http11.Http11NioProtocol - Starting ProtocolHandler ["http-nio-8088"]
2026-03-30 10:29:18 [INFO] o.s.boot.tomcat.TomcatWebServer - Tomcat started on port 8088 (http) with context path '/'
2026-03-30 10:29:18 [INFO] com.example.demo.DemoApplication - Started DemoApplication in 18.698 seconds (process running for 20.433)
2026-03-30 10:30:44 [INFO] com.example.demo.DemoApplication - Starting DemoApplication using Java 21.0.10 with PID 24532 (C:\Users\ADMIN\Downloads\demo\demo\build\classes\java\main started by ADMIN in C:\Users\ADMIN\Downloads\demo)
2026-03-30 10:30:44 [INFO] com.example.demo.DemoApplication - No active profile set, falling back to 1 default profile: "default"
2026-03-30 10:30:44 [INFO] o.s.b.d.e.DevToolsPropertyDefaultsPostProcessor - Devtools property defaults active! Set 'spring.devtools.add-properties' to 'false' to disable
2026-03-30 10:30:44 [INFO] o.s.b.d.e.DevToolsPropertyDefaultsPostProcessor - For additional web related logging consider setting the 'logging.level.web' property to 'DEBUG'
2026-03-30 10:30:47 [INFO] o.s.d.r.c.RepositoryConfigurationDelegate - Bootstrapping Spring Data JPA repositories in DEFAULT mode.
2026-03-30 10:30:47 [INFO] o.s.d.r.c.RepositoryConfigurationDelegate - Finished Spring Data repository scanning in 336 ms. Found 1 JPA repository interface.
2026-03-30 10:30:51 [INFO] o.s.boot.tomcat.TomcatWebServer - Tomcat initialized with port 8088 (http)
2026-03-30 10:30:51 [INFO] o.a.coyote.http11.Http11NioProtocol - Initializing ProtocolHandler ["http-nio-8088"]
2026-03-30 10:30:51 [INFO] o.a.catalina.core.StandardService - Starting service [Tomcat]
2026-03-30 10:30:51 [INFO] o.a.catalina.core.StandardEngine - Starting Servlet engine: [Apache Tomcat/11.0.20]
2026-03-30 10:30:51 [INFO] o.s.b.w.c.s.WebApplicationContextInitializer - Root WebApplicationContext: initialization completed in 7404 ms
2026-03-30 10:30:53 [INFO] org.hibernate.orm.jpa - HHH008540: Processing PersistenceUnitInfo [name: default]
2026-03-30 10:30:53 [INFO] org.hibernate.orm.core - HHH000001: Hibernate ORM core version 7.2.7.Final
2026-03-30 10:30:55 [INFO] o.s.o.j.p.SpringPersistenceUnitInfo - No LoadTimeWeaver setup: ignoring JPA class transformer
2026-03-30 10:30:55 [INFO] com.zaxxer.hikari.HikariDataSource - HikariPool-1 - Starting...
2026-03-30 10:30:56 [INFO] com.zaxxer.hikari.pool.HikariPool - HikariPool-1 - Added connection com.mysql.cj.jdbc.ConnectionImpl@45f729b6
2026-03-30 10:30:56 [INFO] com.zaxxer.hikari.HikariDataSource - HikariPool-1 - Start completed.
2026-03-30 10:30:57 [INFO] o.hibernate.orm.connections.pooling - HHH10001005: Database info:
	Database JDBC URL [jdbc:mysql://127.0.0.1:3306/testdb]
	Database driver: MySQL Connector/J
	Database dialect: MySQLDialect
	Database version: 8.0.45
	Default catalog/schema: testdb/undefined
	Autocommit mode: undefined/unknown
	Isolation level: REPEATABLE_READ [default REPEATABLE_READ]
	JDBC fetch size: none
	Pool: DataSourceConnectionProvider
	Minimum pool size: undefined/unknown
	Maximum pool size: undefined/unknown
2026-03-30 10:30:59 [INFO] org.hibernate.orm.core - HHH000489: No JTA platform available (set 'hibernate.transaction.jta.platform' to enable JTA platform integration)
2026-03-30 10:30:59 [INFO] o.s.o.j.LocalContainerEntityManagerFactoryBean - Initialized JPA EntityManagerFactory for persistence unit 'default'
2026-03-30 10:30:59 [INFO] o.s.d.j.r.q.QueryEnhancerFactories - Hibernate is in classpath; If applicable, HQL parser will be used.
2026-03-30 10:31:00 [WARN] o.s.b.s.a.UserDetailsServiceAutoConfiguration - 

Using generated security password: 935a6e0f-6a5c-413d-bec3-3ed6ad586dac

This generated password is for development use only. Your security configuration must be updated before running your application in production.

2026-03-30 10:31:00 [INFO] o.s.s.c.a.a.c.InitializeUserDetailsBeanManagerConfigurer$InitializeUserDetailsManagerConfigurer - Global AuthenticationManager configured with UserDetailsService bean with name inMemoryUserDetailsManager
2026-03-30 10:31:01 [INFO] o.a.coyote.http11.Http11NioProtocol - Starting ProtocolHandler ["http-nio-8088"]
2026-03-30 10:31:01 [INFO] o.s.boot.tomcat.TomcatWebServer - Tomcat started on port 8088 (http) with context path '/'
2026-03-30 10:31:01 [INFO] com.example.demo.DemoApplication - Started DemoApplication in 20.1 seconds (process running for 21.683)
2026-03-30 10:33:07 [INFO] com.example.demo.DemoApplication - Starting DemoApplication using Java 21.0.10 with PID 50244 (C:\Users\ADMIN\Downloads\demo\demo\build\classes\java\main started by ADMIN in C:\Users\ADMIN\Downloads\demo)
2026-03-30 10:33:08 [INFO] com.example.demo.DemoApplication - No active profile set, falling back to 1 default profile: "default"
2026-03-30 10:33:08 [INFO] o.s.b.d.e.DevToolsPropertyDefaultsPostProcessor - Devtools property defaults active! Set 'spring.devtools.add-properties' to 'false' to disable
2026-03-30 10:33:08 [INFO] o.s.b.d.e.DevToolsPropertyDefaultsPostProcessor - For additional web related logging consider setting the 'logging.level.web' property to 'DEBUG'
2026-03-30 10:33:12 [INFO] o.s.d.r.c.RepositoryConfigurationDelegate - Bootstrapping Spring Data JPA repositories in DEFAULT mode.
2026-03-30 10:33:13 [INFO] o.s.d.r.c.RepositoryConfigurationDelegate - Finished Spring Data repository scanning in 281 ms. Found 1 JPA repository interface.
2026-03-30 10:33:17 [INFO] o.s.boot.tomcat.TomcatWebServer - Tomcat initialized with port 8088 (http)
2026-03-30 10:33:17 [INFO] o.a.coyote.http11.Http11NioProtocol - Initializing ProtocolHandler ["http-nio-8088"]
2026-03-30 10:33:17 [INFO] o.a.catalina.core.StandardService - Starting service [Tomcat]
2026-03-30 10:33:17 [INFO] o.a.catalina.core.StandardEngine - Starting Servlet engine: [Apache Tomcat/11.0.20]
2026-03-30 10:33:17 [INFO] o.s.b.w.c.s.WebApplicationContextInitializer - Root WebApplicationContext: initialization completed in 9144 ms
2026-03-30 10:33:18 [INFO] org.hibernate.orm.jpa - HHH008540: Processing PersistenceUnitInfo [name: default]
2026-03-30 10:33:18 [INFO] org.hibernate.orm.core - HHH000001: Hibernate ORM core version 7.2.7.Final
2026-03-30 10:33:20 [INFO] o.s.o.j.p.SpringPersistenceUnitInfo - No LoadTimeWeaver setup: ignoring JPA class transformer
2026-03-30 10:33:20 [INFO] com.zaxxer.hikari.HikariDataSource - HikariPool-1 - Starting...
2026-03-30 10:33:21 [INFO] com.zaxxer.hikari.pool.HikariPool - HikariPool-1 - Added connection com.mysql.cj.jdbc.ConnectionImpl@17f85c42
2026-03-30 10:33:21 [INFO] com.zaxxer.hikari.HikariDataSource - HikariPool-1 - Start completed.
2026-03-30 10:33:21 [INFO] o.hibernate.orm.connections.pooling - HHH10001005: Database info:
	Database JDBC URL [jdbc:mysql://127.0.0.1:3306/testdb]
	Database driver: MySQL Connector/J
	Database dialect: MySQLDialect
	Database version: 8.0.45
	Default catalog/schema: testdb/undefined
	Autocommit mode: undefined/unknown
	Isolation level: REPEATABLE_READ [default REPEATABLE_READ]
	JDBC fetch size: none
	Pool: DataSourceConnectionProvider
	Minimum pool size: undefined/unknown
	Maximum pool size: undefined/unknown
2026-03-30 10:33:23 [INFO] org.hibernate.orm.core - HHH000489: No JTA platform available (set 'hibernate.transaction.jta.platform' to enable JTA platform integration)
2026-03-30 10:33:23 [INFO] o.s.o.j.LocalContainerEntityManagerFactoryBean - Initialized JPA EntityManagerFactory for persistence unit 'default'
2026-03-30 10:33:24 [INFO] o.s.d.j.r.q.QueryEnhancerFactories - Hibernate is in classpath; If applicable, HQL parser will be used.
2026-03-30 10:33:25 [WARN] o.s.b.s.a.UserDetailsServiceAutoConfiguration - 

Using generated security password: fd85d07a-0892-4a4b-8780-e9e7d1d846aa

This generated password is for development use only. Your security configuration must be updated before running your application in production.

2026-03-30 10:33:25 [INFO] o.s.s.c.a.a.c.InitializeUserDetailsBeanManagerConfigurer$InitializeUserDetailsManagerConfigurer - Global AuthenticationManager configured with UserDetailsService bean with name inMemoryUserDetailsManager
2026-03-30 10:33:27 [INFO] o.a.coyote.http11.Http11NioProtocol - Starting ProtocolHandler ["http-nio-8088"]
2026-03-30 10:33:27 [WARN] o.s.b.w.s.s.c.AnnotationConfigServletWebServerApplicationContext - Exception encountered during context initialization - cancelling refresh attempt: org.springframework.context.ApplicationContextException: Failed to start bean 'webServerStartStop'
2026-03-30 10:33:27 [INFO] o.s.o.j.LocalContainerEntityManagerFactoryBean - Closing JPA EntityManagerFactory for persistence unit 'default'
2026-03-30 10:33:27 [INFO] com.zaxxer.hikari.HikariDataSource - HikariPool-1 - Shutdown initiated...
2026-03-30 10:33:27 [INFO] com.zaxxer.hikari.HikariDataSource - HikariPool-1 - Shutdown completed.
2026-03-30 10:33:27 [INFO] o.s.b.a.l.ConditionEvaluationReportLogger - 

Error starting ApplicationContext. To display the condition evaluation report re-run your application with 'debug' enabled.
2026-03-30 10:33:27 [ERROR] o.s.b.d.LoggingFailureAnalysisReporter - 

***************************
APPLICATION FAILED TO START
***************************

Description:

Web server failed to start. Port 8088 was already in use.

Action:

Identify and stop the process that's listening on port 8088 or configure this application to listen on another port.

2026-03-30 10:33:53 [INFO] com.example.demo.DemoApplication - Starting DemoApplication using Java 21.0.10 with PID 40828 (C:\Users\ADMIN\Downloads\demo\demo\build\classes\java\main started by ADMIN in C:\Users\ADMIN\Downloads\demo)
2026-03-30 10:33:53 [INFO] com.example.demo.DemoApplication - No active profile set, falling back to 1 default profile: "default"
2026-03-30 10:33:53 [INFO] o.s.b.d.e.DevToolsPropertyDefaultsPostProcessor - Devtools property defaults active! Set 'spring.devtools.add-properties' to 'false' to disable
2026-03-30 10:33:53 [INFO] o.s.b.d.e.DevToolsPropertyDefaultsPostProcessor - For additional web related logging consider setting the 'logging.level.web' property to 'DEBUG'
2026-03-30 10:33:57 [INFO] o.s.d.r.c.RepositoryConfigurationDelegate - Bootstrapping Spring Data JPA repositories in DEFAULT mode.
2026-03-30 10:33:58 [INFO] o.s.d.r.c.RepositoryConfigurationDelegate - Finished Spring Data repository scanning in 210 ms. Found 1 JPA repository interface.
2026-03-30 10:34:01 [INFO] o.s.boot.tomcat.TomcatWebServer - Tomcat initialized with port 8088 (http)
2026-03-30 10:34:01 [INFO] o.a.coyote.http11.Http11NioProtocol - Initializing ProtocolHandler ["http-nio-8088"]
2026-03-30 10:34:01 [INFO] o.a.catalina.core.StandardService - Starting service [Tomcat]
2026-03-30 10:34:01 [INFO] o.a.catalina.core.StandardEngine - Starting Servlet engine: [Apache Tomcat/11.0.20]
2026-03-30 10:34:01 [INFO] o.s.b.w.c.s.WebApplicationContextInitializer - Root WebApplicationContext: initialization completed in 7527 ms
2026-03-30 10:34:02 [INFO] org.hibernate.orm.jpa - HHH008540: Processing PersistenceUnitInfo [name: default]
2026-03-30 10:34:02 [INFO] org.hibernate.orm.core - HHH000001: Hibernate ORM core version 7.2.7.Final
2026-03-30 10:34:04 [INFO] o.s.o.j.p.SpringPersistenceUnitInfo - No LoadTimeWeaver setup: ignoring JPA class transformer
2026-03-30 10:34:04 [INFO] com.zaxxer.hikari.HikariDataSource - HikariPool-1 - Starting...
2026-03-30 10:34:05 [INFO] com.zaxxer.hikari.pool.HikariPool - HikariPool-1 - Added connection com.mysql.cj.jdbc.ConnectionImpl@7f99c7ff
2026-03-30 10:34:05 [INFO] com.zaxxer.hikari.HikariDataSource - HikariPool-1 - Start completed.
2026-03-30 10:34:06 [INFO] o.hibernate.orm.connections.pooling - HHH10001005: Database info:
	Database JDBC URL [jdbc:mysql://127.0.0.1:3306/testdb]
	Database driver: MySQL Connector/J
	Database dialect: MySQLDialect
	Database version: 8.0.45
	Default catalog/schema: testdb/undefined
	Autocommit mode: undefined/unknown
	Isolation level: REPEATABLE_READ [default REPEATABLE_READ]
	JDBC fetch size: none
	Pool: DataSourceConnectionProvider
	Minimum pool size: undefined/unknown
	Maximum pool size: undefined/unknown
2026-03-30 10:34:08 [INFO] org.hibernate.orm.core - HHH000489: No JTA platform available (set 'hibernate.transaction.jta.platform' to enable JTA platform integration)
2026-03-30 10:34:08 [INFO] o.s.o.j.LocalContainerEntityManagerFactoryBean - Initialized JPA EntityManagerFactory for persistence unit 'default'
2026-03-30 10:34:08 [INFO] o.s.d.j.r.q.QueryEnhancerFactories - Hibernate is in classpath; If applicable, HQL parser will be used.
2026-03-30 10:34:09 [WARN] o.s.b.s.a.UserDetailsServiceAutoConfiguration - 

Using generated security password: 083bbd41-33a8-446c-884e-cf4003737eb7

This generated password is for development use only. Your security configuration must be updated before running your application in production.

2026-03-30 10:34:09 [INFO] o.s.s.c.a.a.c.InitializeUserDetailsBeanManagerConfigurer$InitializeUserDetailsManagerConfigurer - Global AuthenticationManager configured with UserDetailsService bean with name inMemoryUserDetailsManager
2026-03-30 10:34:11 [INFO] o.a.coyote.http11.Http11NioProtocol - Starting ProtocolHandler ["http-nio-8088"]
2026-03-30 10:34:11 [WARN] o.s.b.w.s.s.c.AnnotationConfigServletWebServerApplicationContext - Exception encountered during context initialization - cancelling refresh attempt: org.springframework.context.ApplicationContextException: Failed to start bean 'webServerStartStop'
2026-03-30 10:34:11 [INFO] o.s.o.j.LocalContainerEntityManagerFactoryBean - Closing JPA EntityManagerFactory for persistence unit 'default'
2026-03-30 10:34:11 [INFO] com.zaxxer.hikari.HikariDataSource - HikariPool-1 - Shutdown initiated...
2026-03-30 10:34:11 [INFO] com.zaxxer.hikari.HikariDataSource - HikariPool-1 - Shutdown completed.
2026-03-30 10:34:11 [INFO] o.s.b.a.l.ConditionEvaluationReportLogger - 

Error starting ApplicationContext. To display the condition evaluation report re-run your application with 'debug' enabled.
2026-03-30 10:34:11 [ERROR] o.s.b.d.LoggingFailureAnalysisReporter - 

***************************
APPLICATION FAILED TO START
***************************

Description:

Web server failed to start. Port 8088 was already in use.

Action:

Identify and stop the process that's listening on port 8088 or configure this application to listen on another port.

2026-03-30 10:34:33 [INFO] com.example.demo.DemoApplication - Starting DemoApplication using Java 21.0.10 with PID 43084 (C:\Users\ADMIN\Downloads\demo\demo\build\classes\java\main started by ADMIN in C:\Users\ADMIN\Downloads\demo)
2026-03-30 10:34:33 [INFO] com.example.demo.DemoApplication - No active profile set, falling back to 1 default profile: "default"
2026-03-30 10:34:33 [INFO] o.s.b.d.e.DevToolsPropertyDefaultsPostProcessor - Devtools property defaults active! Set 'spring.devtools.add-properties' to 'false' to disable
2026-03-30 10:34:33 [INFO] o.s.b.d.e.DevToolsPropertyDefaultsPostProcessor - For additional web related logging consider setting the 'logging.level.web' property to 'DEBUG'
2026-03-30 10:34:36 [INFO] o.s.d.r.c.RepositoryConfigurationDelegate - Bootstrapping Spring Data JPA repositories in DEFAULT mode.
2026-03-30 10:34:37 [INFO] o.s.d.r.c.RepositoryConfigurationDelegate - Finished Spring Data repository scanning in 393 ms. Found 1 JPA repository interface.
2026-03-30 10:34:39 [INFO] o.s.boot.tomcat.TomcatWebServer - Tomcat initialized with port 8088 (http)
2026-03-30 10:34:39 [INFO] o.a.coyote.http11.Http11NioProtocol - Initializing ProtocolHandler ["http-nio-8088"]
2026-03-30 10:34:39 [INFO] o.a.catalina.core.StandardService - Starting service [Tomcat]
2026-03-30 10:34:39 [INFO] o.a.catalina.core.StandardEngine - Starting Servlet engine: [Apache Tomcat/11.0.20]
2026-03-30 10:34:40 [INFO] o.s.b.w.c.s.WebApplicationContextInitializer - Root WebApplicationContext: initialization completed in 6658 ms
2026-03-30 10:34:40 [INFO] org.hibernate.orm.jpa - HHH008540: Processing PersistenceUnitInfo [name: default]
2026-03-30 10:34:41 [INFO] org.hibernate.orm.core - HHH000001: Hibernate ORM core version 7.2.7.Final
2026-03-30 10:34:43 [INFO] o.s.o.j.p.SpringPersistenceUnitInfo - No LoadTimeWeaver setup: ignoring JPA class transformer
2026-03-30 10:34:43 [INFO] com.zaxxer.hikari.HikariDataSource - HikariPool-1 - Starting...
2026-03-30 10:34:44 [INFO] com.zaxxer.hikari.pool.HikariPool - HikariPool-1 - Added connection com.mysql.cj.jdbc.ConnectionImpl@56bf0032
2026-03-30 10:34:44 [INFO] com.zaxxer.hikari.HikariDataSource - HikariPool-1 - Start completed.
2026-03-30 10:34:44 [INFO] o.hibernate.orm.connections.pooling - HHH10001005: Database info:
	Database JDBC URL [jdbc:mysql://127.0.0.1:3306/testdb]
	Database driver: MySQL Connector/J
	Database dialect: MySQLDialect
	Database version: 8.0.45
	Default catalog/schema: testdb/undefined
	Autocommit mode: undefined/unknown
	Isolation level: REPEATABLE_READ [default REPEATABLE_READ]
	JDBC fetch size: none
	Pool: DataSourceConnectionProvider
	Minimum pool size: undefined/unknown
	Maximum pool size: undefined/unknown
2026-03-30 10:34:46 [INFO] org.hibernate.orm.core - HHH000489: No JTA platform available (set 'hibernate.transaction.jta.platform' to enable JTA platform integration)
2026-03-30 10:34:47 [INFO] o.s.o.j.LocalContainerEntityManagerFactoryBean - Initialized JPA EntityManagerFactory for persistence unit 'default'
2026-03-30 10:34:47 [INFO] o.s.d.j.r.q.QueryEnhancerFactories - Hibernate is in classpath; If applicable, HQL parser will be used.
2026-03-30 10:34:47 [WARN] o.s.b.s.a.UserDetailsServiceAutoConfiguration - 

Using generated security password: 2f14bb0c-3dcb-4b6f-9995-1192e9fee99b

This generated password is for development use only. Your security configuration must be updated before running your application in production.

2026-03-30 10:34:47 [INFO] o.s.s.c.a.a.c.InitializeUserDetailsBeanManagerConfigurer$InitializeUserDetailsManagerConfigurer - Global AuthenticationManager configured with UserDetailsService bean with name inMemoryUserDetailsManager
2026-03-30 10:34:49 [INFO] o.a.coyote.http11.Http11NioProtocol - Starting ProtocolHandler ["http-nio-8088"]
2026-03-30 10:34:49 [INFO] o.s.boot.tomcat.TomcatWebServer - Tomcat started on port 8088 (http) with context path '/'
2026-03-30 10:34:49 [INFO] com.example.demo.DemoApplication - Started DemoApplication in 18.663 seconds (process running for 20.376)
2026-03-30 10:36:17 [INFO] com.example.demo.DemoApplication - Starting DemoApplication using Java 21.0.10 with PID 50364 (C:\Users\ADMIN\Downloads\demo\demo\build\classes\java\main started by ADMIN in C:\Users\ADMIN\Downloads\demo)
2026-03-30 10:36:17 [INFO] com.example.demo.DemoApplication - No active profile set, falling back to 1 default profile: "default"
2026-03-30 10:36:17 [INFO] o.s.b.d.e.DevToolsPropertyDefaultsPostProcessor - Devtools property defaults active! Set 'spring.devtools.add-properties' to 'false' to disable
2026-03-30 10:36:17 [INFO] o.s.b.d.e.DevToolsPropertyDefaultsPostProcessor - For additional web related logging consider setting the 'logging.level.web' property to 'DEBUG'
2026-03-30 10:36:21 [INFO] o.s.d.r.c.RepositoryConfigurationDelegate - Bootstrapping Spring Data JPA repositories in DEFAULT mode.
2026-03-30 10:36:21 [INFO] o.s.d.r.c.RepositoryConfigurationDelegate - Finished Spring Data repository scanning in 279 ms. Found 1 JPA repository interface.
2026-03-30 10:36:24 [INFO] o.s.boot.tomcat.TomcatWebServer - Tomcat initialized with port 8088 (http)
2026-03-30 10:36:24 [INFO] o.a.coyote.http11.Http11NioProtocol - Initializing ProtocolHandler ["http-nio-8088"]
2026-03-30 10:36:24 [INFO] o.a.catalina.core.StandardService - Starting service [Tomcat]
2026-03-30 10:36:24 [INFO] o.a.catalina.core.StandardEngine - Starting Servlet engine: [Apache Tomcat/11.0.20]
2026-03-30 10:36:24 [INFO] o.s.b.w.c.s.WebApplicationContextInitializer - Root WebApplicationContext: initialization completed in 7049 ms
2026-03-30 10:36:25 [INFO] org.hibernate.orm.jpa - HHH008540: Processing PersistenceUnitInfo [name: default]
2026-03-30 10:36:26 [INFO] org.hibernate.orm.core - HHH000001: Hibernate ORM core version 7.2.7.Final
2026-03-30 10:36:28 [INFO] o.s.o.j.p.SpringPersistenceUnitInfo - No LoadTimeWeaver setup: ignoring JPA class transformer
2026-03-30 10:36:28 [INFO] com.zaxxer.hikari.HikariDataSource - HikariPool-1 - Starting...
2026-03-30 10:36:30 [INFO] com.zaxxer.hikari.pool.HikariPool - HikariPool-1 - Added connection com.mysql.cj.jdbc.ConnectionImpl@169424d7
2026-03-30 10:36:30 [INFO] com.zaxxer.hikari.HikariDataSource - HikariPool-1 - Start completed.
2026-03-30 10:36:30 [INFO] o.hibernate.orm.connections.pooling - HHH10001005: Database info:
	Database JDBC URL [jdbc:mysql://127.0.0.1:3306/testdb]
	Database driver: MySQL Connector/J
	Database dialect: MySQLDialect
	Database version: 8.0.45
	Default catalog/schema: testdb/undefined
	Autocommit mode: undefined/unknown
	Isolation level: REPEATABLE_READ [default REPEATABLE_READ]
	JDBC fetch size: none
	Pool: DataSourceConnectionProvider
	Minimum pool size: undefined/unknown
	Maximum pool size: undefined/unknown
2026-03-30 10:36:32 [INFO] org.hibernate.orm.core - HHH000489: No JTA platform available (set 'hibernate.transaction.jta.platform' to enable JTA platform integration)
2026-03-30 10:36:32 [INFO] o.s.o.j.LocalContainerEntityManagerFactoryBean - Initialized JPA EntityManagerFactory for persistence unit 'default'
2026-03-30 10:36:33 [INFO] o.s.d.j.r.q.QueryEnhancerFactories - Hibernate is in classpath; If applicable, HQL parser will be used.
2026-03-30 10:36:33 [WARN] o.s.b.s.a.UserDetailsServiceAutoConfiguration - 

Using generated security password: efba0ad7-89d1-4896-8d9f-d50c809a70a4

This generated password is for development use only. Your security configuration must be updated before running your application in production.

2026-03-30 10:36:33 [INFO] o.s.s.c.a.a.c.InitializeUserDetailsBeanManagerConfigurer$InitializeUserDetailsManagerConfigurer - Global AuthenticationManager configured with UserDetailsService bean with name inMemoryUserDetailsManager
2026-03-30 10:36:35 [INFO] o.a.coyote.http11.Http11NioProtocol - Starting ProtocolHandler ["http-nio-8088"]
2026-03-30 10:36:35 [WARN] o.s.b.w.s.s.c.AnnotationConfigServletWebServerApplicationContext - Exception encountered during context initialization - cancelling refresh attempt: org.springframework.context.ApplicationContextException: Failed to start bean 'webServerStartStop'
2026-03-30 10:36:35 [INFO] o.s.o.j.LocalContainerEntityManagerFactoryBean - Closing JPA EntityManagerFactory for persistence unit 'default'
2026-03-30 10:36:35 [INFO] com.zaxxer.hikari.HikariDataSource - HikariPool-1 - Shutdown initiated...
2026-03-30 10:36:35 [INFO] com.zaxxer.hikari.HikariDataSource - HikariPool-1 - Shutdown completed.
2026-03-30 10:36:35 [INFO] o.s.b.a.l.ConditionEvaluationReportLogger - 

Error starting ApplicationContext. To display the condition evaluation report re-run your application with 'debug' enabled.
2026-03-30 10:36:35 [ERROR] o.s.b.d.LoggingFailureAnalysisReporter - 

***************************
APPLICATION FAILED TO START
***************************

Description:

Web server failed to start. Port 8088 was already in use.

Action:

Identify and stop the process that's listening on port 8088 or configure this application to listen on another port.

2026-03-30 10:36:59 [INFO] com.example.demo.DemoApplication - Starting DemoApplication using Java 21.0.10 with PID 49704 (C:\Users\ADMIN\Downloads\demo\demo\build\classes\java\main started by ADMIN in C:\Users\ADMIN\Downloads\demo)
2026-03-30 10:36:59 [INFO] com.example.demo.DemoApplication - No active profile set, falling back to 1 default profile: "default"
2026-03-30 10:37:00 [INFO] o.s.b.d.e.DevToolsPropertyDefaultsPostProcessor - Devtools property defaults active! Set 'spring.devtools.add-properties' to 'false' to disable
2026-03-30 10:37:00 [INFO] o.s.b.d.e.DevToolsPropertyDefaultsPostProcessor - For additional web related logging consider setting the 'logging.level.web' property to 'DEBUG'
2026-03-30 10:37:02 [INFO] o.s.d.r.c.RepositoryConfigurationDelegate - Bootstrapping Spring Data JPA repositories in DEFAULT mode.
2026-03-30 10:37:03 [INFO] o.s.d.r.c.RepositoryConfigurationDelegate - Finished Spring Data repository scanning in 179 ms. Found 1 JPA repository interface.
2026-03-30 10:37:07 [INFO] o.s.boot.tomcat.TomcatWebServer - Tomcat initialized with port 8088 (http)
2026-03-30 10:37:07 [INFO] o.a.coyote.http11.Http11NioProtocol - Initializing ProtocolHandler ["http-nio-8088"]
2026-03-30 10:37:07 [INFO] o.a.catalina.core.StandardService - Starting service [Tomcat]
2026-03-30 10:37:07 [INFO] o.a.catalina.core.StandardEngine - Starting Servlet engine: [Apache Tomcat/11.0.20]
2026-03-30 10:37:07 [INFO] o.s.b.w.c.s.WebApplicationContextInitializer - Root WebApplicationContext: initialization completed in 7495 ms
2026-03-30 10:37:08 [INFO] org.hibernate.orm.jpa - HHH008540: Processing PersistenceUnitInfo [name: default]
2026-03-30 10:37:09 [INFO] org.hibernate.orm.core - HHH000001: Hibernate ORM core version 7.2.7.Final
2026-03-30 10:37:12 [INFO] o.s.o.j.p.SpringPersistenceUnitInfo - No LoadTimeWeaver setup: ignoring JPA class transformer
2026-03-30 10:37:12 [INFO] com.zaxxer.hikari.HikariDataSource - HikariPool-1 - Starting...
2026-03-30 10:37:13 [INFO] com.zaxxer.hikari.pool.HikariPool - HikariPool-1 - Added connection com.mysql.cj.jdbc.ConnectionImpl@f8249b2
2026-03-30 10:37:13 [INFO] com.zaxxer.hikari.HikariDataSource - HikariPool-1 - Start completed.
2026-03-30 10:37:13 [INFO] o.hibernate.orm.connections.pooling - HHH10001005: Database info:
	Database JDBC URL [jdbc:mysql://127.0.0.1:3306/testdb]
	Database driver: MySQL Connector/J
	Database dialect: MySQLDialect
	Database version: 8.0.45
	Default catalog/schema: testdb/undefined
	Autocommit mode: undefined/unknown
	Isolation level: REPEATABLE_READ [default REPEATABLE_READ]
	JDBC fetch size: none
	Pool: DataSourceConnectionProvider
	Minimum pool size: undefined/unknown
	Maximum pool size: undefined/unknown
2026-03-30 10:37:15 [INFO] org.hibernate.orm.core - HHH000489: No JTA platform available (set 'hibernate.transaction.jta.platform' to enable JTA platform integration)
2026-03-30 10:37:15 [INFO] o.s.o.j.LocalContainerEntityManagerFactoryBean - Initialized JPA EntityManagerFactory for persistence unit 'default'
2026-03-30 10:37:15 [INFO] o.s.d.j.r.q.QueryEnhancerFactories - Hibernate is in classpath; If applicable, HQL parser will be used.
2026-03-30 10:37:16 [WARN] o.s.b.s.a.UserDetailsServiceAutoConfiguration - 

Using generated security password: 1b418a9c-67c9-466d-ac84-cb989a274233

This generated password is for development use only. Your security configuration must be updated before running your application in production.

2026-03-30 10:37:16 [INFO] o.s.s.c.a.a.c.InitializeUserDetailsBeanManagerConfigurer$InitializeUserDetailsManagerConfigurer - Global AuthenticationManager configured with UserDetailsService bean with name inMemoryUserDetailsManager
2026-03-30 10:37:18 [INFO] o.a.coyote.http11.Http11NioProtocol - Starting ProtocolHandler ["http-nio-8088"]
2026-03-30 10:37:18 [INFO] o.s.boot.tomcat.TomcatWebServer - Tomcat started on port 8088 (http) with context path '/'
2026-03-30 10:37:18 [INFO] com.example.demo.DemoApplication - Started DemoApplication in 20.89 seconds (process running for 22.52)
2026-03-30 10:40:29 [INFO] com.example.demo.DemoApplication - Starting DemoApplication using Java 21.0.10 with PID 16304 (C:\Users\ADMIN\Downloads\demo\demo\build\classes\java\main started by ADMIN in C:\Users\ADMIN\Downloads\demo)
2026-03-30 10:40:29 [INFO] com.example.demo.DemoApplication - No active profile set, falling back to 1 default profile: "default"
2026-03-30 10:40:30 [INFO] o.s.b.d.e.DevToolsPropertyDefaultsPostProcessor - Devtools property defaults active! Set 'spring.devtools.add-properties' to 'false' to disable
2026-03-30 10:40:30 [INFO] o.s.b.d.e.DevToolsPropertyDefaultsPostProcessor - For additional web related logging consider setting the 'logging.level.web' property to 'DEBUG'
2026-03-30 10:40:33 [INFO] o.s.d.r.c.RepositoryConfigurationDelegate - Bootstrapping Spring Data JPA repositories in DEFAULT mode.
2026-03-30 10:40:33 [INFO] o.s.d.r.c.RepositoryConfigurationDelegate - Finished Spring Data repository scanning in 323 ms. Found 1 JPA repository interface.
2026-03-30 10:40:37 [INFO] o.s.boot.tomcat.TomcatWebServer - Tomcat initialized with port 8088 (http)
2026-03-30 10:40:37 [INFO] o.a.coyote.http11.Http11NioProtocol - Initializing ProtocolHandler ["http-nio-8088"]
2026-03-30 10:40:37 [INFO] o.a.catalina.core.StandardService - Starting service [Tomcat]
2026-03-30 10:40:37 [INFO] o.a.catalina.core.StandardEngine - Starting Servlet engine: [Apache Tomcat/11.0.20]
2026-03-30 10:40:37 [INFO] o.s.b.w.c.s.WebApplicationContextInitializer - Root WebApplicationContext: initialization completed in 7308 ms
2026-03-30 10:40:38 [INFO] org.hibernate.orm.jpa - HHH008540: Processing PersistenceUnitInfo [name: default]
2026-03-30 10:40:38 [INFO] org.hibernate.orm.core - HHH000001: Hibernate ORM core version 7.2.7.Final
2026-03-30 10:40:40 [INFO] o.s.o.j.p.SpringPersistenceUnitInfo - No LoadTimeWeaver setup: ignoring JPA class transformer
2026-03-30 10:40:41 [INFO] com.zaxxer.hikari.HikariDataSource - HikariPool-1 - Starting...
2026-03-30 10:40:42 [INFO] com.zaxxer.hikari.pool.HikariPool - HikariPool-1 - Added connection com.mysql.cj.jdbc.ConnectionImpl@3192ef37
2026-03-30 10:40:42 [INFO] com.zaxxer.hikari.HikariDataSource - HikariPool-1 - Start completed.
2026-03-30 10:40:42 [INFO] o.hibernate.orm.connections.pooling - HHH10001005: Database info:
	Database JDBC URL [jdbc:mysql://127.0.0.1:3306/testdb]
	Database driver: MySQL Connector/J
	Database dialect: MySQLDialect
	Database version: 8.0.45
	Default catalog/schema: testdb/undefined
	Autocommit mode: undefined/unknown
	Isolation level: REPEATABLE_READ [default REPEATABLE_READ]
	JDBC fetch size: none
	Pool: DataSourceConnectionProvider
	Minimum pool size: undefined/unknown
	Maximum pool size: undefined/unknown
2026-03-30 10:40:44 [INFO] org.hibernate.orm.core - HHH000489: No JTA platform available (set 'hibernate.transaction.jta.platform' to enable JTA platform integration)
2026-03-30 10:40:44 [INFO] o.s.o.j.LocalContainerEntityManagerFactoryBean - Initialized JPA EntityManagerFactory for persistence unit 'default'
2026-03-30 10:40:44 [INFO] o.s.d.j.r.q.QueryEnhancerFactories - Hibernate is in classpath; If applicable, HQL parser will be used.
2026-03-30 10:40:45 [WARN] o.s.b.s.a.UserDetailsServiceAutoConfiguration - 

Using generated security password: 8331ade8-7f3d-4557-8c6d-363fec339ea4

This generated password is for development use only. Your security configuration must be updated before running your application in production.

2026-03-30 10:40:45 [INFO] o.s.s.c.a.a.c.InitializeUserDetailsBeanManagerConfigurer$InitializeUserDetailsManagerConfigurer - Global AuthenticationManager configured with UserDetailsService bean with name inMemoryUserDetailsManager
2026-03-30 10:40:46 [INFO] o.a.coyote.http11.Http11NioProtocol - Starting ProtocolHandler ["http-nio-8088"]
2026-03-30 10:40:46 [INFO] o.s.boot.tomcat.TomcatWebServer - Tomcat started on port 8088 (http) with context path '/'
2026-03-30 10:40:46 [INFO] com.example.demo.DemoApplication - Started DemoApplication in 19.849 seconds (process running for 21.245)
2026-03-30 10:41:58 [INFO] o.a.c.c.C.[Tomcat].[localhost].[/] - Initializing Spring DispatcherServlet 'dispatcherServlet'
2026-03-30 10:41:58 [INFO] o.s.web.servlet.DispatcherServlet - Initializing Servlet 'dispatcherServlet'
2026-03-30 10:41:58 [INFO] o.s.web.servlet.DispatcherServlet - Completed initialization in 2 ms
2026-03-30 10:43:17 [INFO] c.e.demo.controller.UserController - Fetching all users
2026-03-30 10:47:18 [INFO] com.example.demo.DemoApplication - Starting DemoApplication using Java 21.0.10 with PID 40436 (C:\Users\ADMIN\Downloads\demo\demo\build\classes\java\main started by ADMIN in C:\Users\ADMIN\Downloads\demo)
2026-03-30 10:47:18 [INFO] com.example.demo.DemoApplication - No active profile set, falling back to 1 default profile: "default"
2026-03-30 10:47:18 [INFO] o.s.b.d.e.DevToolsPropertyDefaultsPostProcessor - Devtools property defaults active! Set 'spring.devtools.add-properties' to 'false' to disable
2026-03-30 10:47:18 [INFO] o.s.b.d.e.DevToolsPropertyDefaultsPostProcessor - For additional web related logging consider setting the 'logging.level.web' property to 'DEBUG'
2026-03-30 10:47:22 [INFO] o.s.d.r.c.RepositoryConfigurationDelegate - Bootstrapping Spring Data JPA repositories in DEFAULT mode.
2026-03-30 10:47:23 [INFO] o.s.d.r.c.RepositoryConfigurationDelegate - Finished Spring Data repository scanning in 279 ms. Found 1 JPA repository interface.
2026-03-30 10:47:25 [INFO] o.s.boot.tomcat.TomcatWebServer - Tomcat initialized with port 8088 (http)
2026-03-30 10:47:25 [INFO] o.a.coyote.http11.Http11NioProtocol - Initializing ProtocolHandler ["http-nio-8088"]
2026-03-30 10:47:25 [INFO] o.a.catalina.core.StandardService - Starting service [Tomcat]
2026-03-30 10:47:25 [INFO] o.a.catalina.core.StandardEngine - Starting Servlet engine: [Apache Tomcat/11.0.20]
2026-03-30 10:47:26 [INFO] o.s.b.w.c.s.WebApplicationContextInitializer - Root WebApplicationContext: initialization completed in 7553 ms
2026-03-30 10:47:27 [INFO] org.hibernate.orm.jpa - HHH008540: Processing PersistenceUnitInfo [name: default]
2026-03-30 10:47:27 [INFO] org.hibernate.orm.core - HHH000001: Hibernate ORM core version 7.2.7.Final
2026-03-30 10:47:29 [INFO] o.s.o.j.p.SpringPersistenceUnitInfo - No LoadTimeWeaver setup: ignoring JPA class transformer
2026-03-30 10:47:29 [INFO] com.zaxxer.hikari.HikariDataSource - HikariPool-1 - Starting...
2026-03-30 10:47:30 [INFO] com.zaxxer.hikari.pool.HikariPool - HikariPool-1 - Added connection com.mysql.cj.jdbc.ConnectionImpl@53c32a34
2026-03-30 10:47:30 [INFO] com.zaxxer.hikari.HikariDataSource - HikariPool-1 - Start completed.
2026-03-30 10:47:30 [INFO] o.hibernate.orm.connections.pooling - HHH10001005: Database info:
	Database JDBC URL [jdbc:mysql://127.0.0.1:3306/testdb]
	Database driver: MySQL Connector/J
	Database dialect: MySQLDialect
	Database version: 8.0.45
	Default catalog/schema: testdb/undefined
	Autocommit mode: undefined/unknown
	Isolation level: REPEATABLE_READ [default REPEATABLE_READ]
	JDBC fetch size: none
	Pool: DataSourceConnectionProvider
	Minimum pool size: undefined/unknown
	Maximum pool size: undefined/unknown
2026-03-30 10:47:32 [INFO] org.hibernate.orm.core - HHH000489: No JTA platform available (set 'hibernate.transaction.jta.platform' to enable JTA platform integration)
2026-03-30 10:47:32 [INFO] o.s.o.j.LocalContainerEntityManagerFactoryBean - Initialized JPA EntityManagerFactory for persistence unit 'default'
2026-03-30 10:47:32 [INFO] o.s.d.j.r.q.QueryEnhancerFactories - Hibernate is in classpath; If applicable, HQL parser will be used.
2026-03-30 10:47:33 [WARN] o.s.b.s.a.UserDetailsServiceAutoConfiguration - 

Using generated security password: 59a06d95-440d-4adb-9d29-425af8431831

This generated password is for development use only. Your security configuration must be updated before running your application in production.

2026-03-30 10:47:33 [INFO] o.s.s.c.a.a.c.InitializeUserDetailsBeanManagerConfigurer$InitializeUserDetailsManagerConfigurer - Global AuthenticationManager configured with UserDetailsService bean with name inMemoryUserDetailsManager
2026-03-30 10:47:34 [INFO] o.a.coyote.http11.Http11NioProtocol - Starting ProtocolHandler ["http-nio-8088"]
2026-03-30 10:47:34 [INFO] o.s.boot.tomcat.TomcatWebServer - Tomcat started on port 8088 (http) with context path '/'
2026-03-30 10:47:34 [INFO] com.example.demo.DemoApplication - Started DemoApplication in 19.084 seconds (process running for 20.156)
2026-03-30 10:48:43 [INFO] com.example.demo.DemoApplication - Starting DemoApplication using Java 21.0.10 with PID 32356 (C:\Users\ADMIN\Downloads\demo\demo\build\classes\java\main started by ADMIN in C:\Users\ADMIN\Downloads\demo)
2026-03-30 10:48:43 [INFO] com.example.demo.DemoApplication - No active profile set, falling back to 1 default profile: "default"
2026-03-30 10:48:43 [INFO] o.s.b.d.e.DevToolsPropertyDefaultsPostProcessor - Devtools property defaults active! Set 'spring.devtools.add-properties' to 'false' to disable
2026-03-30 10:48:43 [INFO] o.s.b.d.e.DevToolsPropertyDefaultsPostProcessor - For additional web related logging consider setting the 'logging.level.web' property to 'DEBUG'
2026-03-30 10:48:48 [INFO] o.s.d.r.c.RepositoryConfigurationDelegate - Bootstrapping Spring Data JPA repositories in DEFAULT mode.
2026-03-30 10:48:48 [INFO] o.s.d.r.c.RepositoryConfigurationDelegate - Finished Spring Data repository scanning in 180 ms. Found 1 JPA repository interface.
2026-03-30 10:48:51 [INFO] o.s.boot.tomcat.TomcatWebServer - Tomcat initialized with port 8088 (http)
2026-03-30 10:48:51 [INFO] o.a.coyote.http11.Http11NioProtocol - Initializing ProtocolHandler ["http-nio-8088"]
2026-03-30 10:48:51 [INFO] o.a.catalina.core.StandardService - Starting service [Tomcat]
2026-03-30 10:48:51 [INFO] o.a.catalina.core.StandardEngine - Starting Servlet engine: [Apache Tomcat/11.0.20]
2026-03-30 10:48:52 [INFO] o.s.b.w.c.s.WebApplicationContextInitializer - Root WebApplicationContext: initialization completed in 8473 ms
2026-03-30 10:48:53 [INFO] org.hibernate.orm.jpa - HHH008540: Processing PersistenceUnitInfo [name: default]
2026-03-30 10:48:53 [INFO] org.hibernate.orm.core - HHH000001: Hibernate ORM core version 7.2.7.Final
2026-03-30 10:48:55 [INFO] o.s.o.j.p.SpringPersistenceUnitInfo - No LoadTimeWeaver setup: ignoring JPA class transformer
2026-03-30 10:48:55 [INFO] com.zaxxer.hikari.HikariDataSource - HikariPool-1 - Starting...
2026-03-30 10:48:56 [INFO] com.zaxxer.hikari.pool.HikariPool - HikariPool-1 - Added connection com.mysql.cj.jdbc.ConnectionImpl@56a59a5b
2026-03-30 10:48:56 [INFO] com.zaxxer.hikari.HikariDataSource - HikariPool-1 - Start completed.
2026-03-30 10:48:56 [INFO] o.hibernate.orm.connections.pooling - HHH10001005: Database info:
	Database JDBC URL [jdbc:mysql://127.0.0.1:3306/testdb]
	Database driver: MySQL Connector/J
	Database dialect: MySQLDialect
	Database version: 8.0.45
	Default catalog/schema: testdb/undefined
	Autocommit mode: undefined/unknown
	Isolation level: REPEATABLE_READ [default REPEATABLE_READ]
	JDBC fetch size: none
	Pool: DataSourceConnectionProvider
	Minimum pool size: undefined/unknown
	Maximum pool size: undefined/unknown
2026-03-30 10:48:58 [INFO] org.hibernate.orm.core - HHH000489: No JTA platform available (set 'hibernate.transaction.jta.platform' to enable JTA platform integration)
2026-03-30 10:48:58 [INFO] o.s.o.j.LocalContainerEntityManagerFactoryBean - Initialized JPA EntityManagerFactory for persistence unit 'default'
2026-03-30 10:48:58 [INFO] o.s.d.j.r.q.QueryEnhancerFactories - Hibernate is in classpath; If applicable, HQL parser will be used.
2026-03-30 10:48:59 [WARN] o.s.b.s.a.UserDetailsServiceAutoConfiguration - 

Using generated security password: b4e1fb43-9d3a-4018-8051-d25eef29b92e

This generated password is for development use only. Your security configuration must be updated before running your application in production.

2026-03-30 10:48:59 [INFO] o.s.s.c.a.a.c.InitializeUserDetailsBeanManagerConfigurer$InitializeUserDetailsManagerConfigurer - Global AuthenticationManager configured with UserDetailsService bean with name inMemoryUserDetailsManager
2026-03-30 10:49:00 [INFO] o.a.coyote.http11.Http11NioProtocol - Starting ProtocolHandler ["http-nio-8088"]
2026-03-30 10:49:00 [INFO] o.s.boot.tomcat.TomcatWebServer - Tomcat started on port 8088 (http) with context path '/'
2026-03-30 10:49:00 [INFO] com.example.demo.DemoApplication - Started DemoApplication in 20.235 seconds (process running for 21.71)
2026-03-30 11:20:06 [WARN] com.zaxxer.hikari.pool.HikariPool - HikariPool-1 - Thread starvation or clock leap detected (housekeeper delta=7m39s588ms534µs900ns).
2026-03-30 18:07:34 [INFO] com.example.demo.DemoApplication - Starting DemoApplication using Java 21.0.10 with PID 49144 (C:\Users\ADMIN\Downloads\demo\demo\build\classes\java\main started by ADMIN in C:\Users\ADMIN\Downloads\demo)
2026-03-30 18:07:34 [INFO] com.example.demo.DemoApplication - No active profile set, falling back to 1 default profile: "default"
2026-03-30 18:07:34 [INFO] o.s.b.d.e.DevToolsPropertyDefaultsPostProcessor - Devtools property defaults active! Set 'spring.devtools.add-properties' to 'false' to disable
2026-03-30 18:07:34 [INFO] o.s.b.d.e.DevToolsPropertyDefaultsPostProcessor - For additional web related logging consider setting the 'logging.level.web' property to 'DEBUG'
2026-03-30 18:07:41 [INFO] o.s.d.r.c.RepositoryConfigurationDelegate - Bootstrapping Spring Data JPA repositories in DEFAULT mode.
2026-03-30 18:07:42 [INFO] o.s.d.r.c.RepositoryConfigurationDelegate - Finished Spring Data repository scanning in 636 ms. Found 1 JPA repository interface.
2026-03-30 18:07:48 [INFO] o.s.boot.tomcat.TomcatWebServer - Tomcat initialized with port 8088 (http)
2026-03-30 18:07:48 [INFO] o.a.coyote.http11.Http11NioProtocol - Initializing ProtocolHandler ["http-nio-8088"]
2026-03-30 18:07:48 [INFO] o.a.catalina.core.StandardService - Starting service [Tomcat]
2026-03-30 18:07:48 [INFO] o.a.catalina.core.StandardEngine - Starting Servlet engine: [Apache Tomcat/11.0.20]
2026-03-30 18:07:48 [INFO] o.s.b.w.c.s.WebApplicationContextInitializer - Root WebApplicationContext: initialization completed in 13975 ms
2026-03-30 18:07:49 [INFO] org.hibernate.orm.jpa - HHH008540: Processing PersistenceUnitInfo [name: default]
2026-03-30 18:07:49 [INFO] org.hibernate.orm.core - HHH000001: Hibernate ORM core version 7.2.7.Final
2026-03-30 18:07:51 [INFO] o.s.o.j.p.SpringPersistenceUnitInfo - No LoadTimeWeaver setup: ignoring JPA class transformer
2026-03-30 18:07:51 [INFO] com.zaxxer.hikari.HikariDataSource - HikariPool-1 - Starting...
2026-03-30 18:07:53 [INFO] com.zaxxer.hikari.pool.HikariPool - HikariPool-1 - Added connection com.mysql.cj.jdbc.ConnectionImpl@53c32a34
2026-03-30 18:07:53 [INFO] com.zaxxer.hikari.HikariDataSource - HikariPool-1 - Start completed.
2026-03-30 18:07:53 [INFO] o.hibernate.orm.connections.pooling - HHH10001005: Database info:
	Database JDBC URL [jdbc:mysql://127.0.0.1:3306/testdb]
	Database driver: MySQL Connector/J
	Database dialect: MySQLDialect
	Database version: 8.0.45
	Default catalog/schema: testdb/undefined
	Autocommit mode: undefined/unknown
	Isolation level: REPEATABLE_READ [default REPEATABLE_READ]
	JDBC fetch size: none
	Pool: DataSourceConnectionProvider
	Minimum pool size: undefined/unknown
	Maximum pool size: undefined/unknown
2026-03-30 18:07:56 [INFO] org.hibernate.orm.core - HHH000489: No JTA platform available (set 'hibernate.transaction.jta.platform' to enable JTA platform integration)
2026-03-30 18:07:56 [INFO] o.s.o.j.LocalContainerEntityManagerFactoryBean - Initialized JPA EntityManagerFactory for persistence unit 'default'
2026-03-30 18:07:56 [INFO] o.s.d.j.r.q.QueryEnhancerFactories - Hibernate is in classpath; If applicable, HQL parser will be used.
2026-03-30 18:07:57 [WARN] o.s.b.s.a.UserDetailsServiceAutoConfiguration - 

Using generated security password: 93483370-8c1f-43f7-a9af-a28e75fe8b80

This generated password is for development use only. Your security configuration must be updated before running your application in production.

2026-03-30 18:07:57 [INFO] o.s.s.c.a.a.c.InitializeUserDetailsBeanManagerConfigurer$InitializeUserDetailsManagerConfigurer - Global AuthenticationManager configured with UserDetailsService bean with name inMemoryUserDetailsManager
2026-03-30 18:07:59 [INFO] o.a.coyote.http11.Http11NioProtocol - Starting ProtocolHandler ["http-nio-8088"]
2026-03-30 18:07:59 [INFO] o.s.boot.tomcat.TomcatWebServer - Tomcat started on port 8088 (http) with context path '/'
2026-03-30 18:07:59 [INFO] com.example.demo.DemoApplication - Started DemoApplication in 29.577 seconds (process running for 32.957)
2026-03-30 18:09:01 [INFO] o.a.c.c.C.[Tomcat].[localhost].[/] - Initializing Spring DispatcherServlet 'dispatcherServlet'
2026-03-30 18:09:01 [INFO] o.s.web.servlet.DispatcherServlet - Initializing Servlet 'dispatcherServlet'
2026-03-30 18:09:01 [INFO] o.s.web.servlet.DispatcherServlet - Completed initialization in 4 ms
2026-03-30 18:10:04 [INFO] c.e.demo.controller.UserController - Fetching all users
