2026-03-28 20:10:12 [INFO] com.example.demo.DemoApplication - Starting DemoApplication using Java 21.0.10 with PID 47604 (C:\Users\ADMIN\Downloads\demo\demo\build\classes\java\main started by ADMIN in C:\Users\ADMIN\Downloads\demo)
2026-03-28 20:10:12 [INFO] com.example.demo.DemoApplication - No active profile set, falling back to 1 default profile: "default"
2026-03-28 20:10:12 [INFO] o.s.b.d.e.DevToolsPropertyDefaultsPostProcessor - Devtools property defaults active! Set 'spring.devtools.add-properties' to 'false' to disable
2026-03-28 20:10:12 [INFO] o.s.b.d.e.DevToolsPropertyDefaultsPostProcessor - For additional web related logging consider setting the 'logging.level.web' property to 'DEBUG'
2026-03-28 20:10:14 [INFO] o.s.d.r.c.RepositoryConfigurationDelegate - Bootstrapping Spring Data JPA repositories in DEFAULT mode.
2026-03-28 20:10:14 [INFO] o.s.d.r.c.RepositoryConfigurationDelegate - Finished Spring Data repository scanning in 121 ms. Found 1 JPA repository interface.
2026-03-28 20:10:16 [INFO] o.s.boot.tomcat.TomcatWebServer - Tomcat initialized with port 8088 (http)
2026-03-28 20:10:16 [INFO] o.a.coyote.http11.Http11NioProtocol - Initializing ProtocolHandler ["http-nio-8088"]
2026-03-28 20:10:16 [INFO] o.a.catalina.core.StandardService - Starting service [Tomcat]
2026-03-28 20:10:16 [INFO] o.a.catalina.core.StandardEngine - Starting Servlet engine: [Apache Tomcat/11.0.20]
2026-03-28 20:10:16 [INFO] o.s.b.w.c.s.WebApplicationContextInitializer - Root WebApplicationContext: initialization completed in 4137 ms
2026-03-28 20:10:17 [INFO] org.hibernate.orm.jpa - HHH008540: Processing PersistenceUnitInfo [name: default]
2026-03-28 20:10:17 [INFO] org.hibernate.orm.core - HHH000001: Hibernate ORM core version 7.2.7.Final
2026-03-28 20:10:18 [INFO] o.s.o.j.p.SpringPersistenceUnitInfo - No LoadTimeWeaver setup: ignoring JPA class transformer
2026-03-28 20:10:18 [INFO] com.zaxxer.hikari.HikariDataSource - HikariPool-1 - Starting...
2026-03-28 20:10:19 [INFO] com.zaxxer.hikari.pool.HikariPool - HikariPool-1 - Added connection com.mysql.cj.jdbc.ConnectionImpl@2586bbff
2026-03-28 20:10:19 [INFO] com.zaxxer.hikari.HikariDataSource - HikariPool-1 - Start completed.
2026-03-28 20:10:20 [INFO] o.hibernate.orm.connections.pooling - HHH10001005: Database info:
	Database JDBC URL [jdbc:mysql://127.0.0.1:3306/testdb]
	Database driver: MySQL Connector/J
	Database dialect: MySQLDialect
	Database version: 8.0.45
	Default catalog/schema: testdb/undefined
	Autocommit mode: undefined/unknown
	Isolation level: REPEATABLE_READ [default REPEATABLE_READ]
	JDBC fetch size: none
	Pool: DataSourceConnectionProvider
	Minimum pool size: undefined/unknown
	Maximum pool size: undefined/unknown
2026-03-28 20:10:21 [INFO] org.hibernate.orm.core - HHH000489: No JTA platform available (set 'hibernate.transaction.jta.platform' to enable JTA platform integration)
2026-03-28 20:10:22 [INFO] o.s.o.j.LocalContainerEntityManagerFactoryBean - Initialized JPA EntityManagerFactory for persistence unit 'default'
2026-03-28 20:10:22 [INFO] o.s.d.j.r.q.QueryEnhancerFactories - Hibernate is in classpath; If applicable, HQL parser will be used.
2026-03-28 20:10:22 [WARN] o.s.b.j.a.JpaBaseConfiguration$JpaWebConfiguration - spring.jpa.open-in-view is enabled by default. Therefore, database queries may be performed during view rendering. Explicitly configure spring.jpa.open-in-view to disable this warning
2026-03-28 20:10:23 [INFO] o.a.coyote.http11.Http11NioProtocol - Starting ProtocolHandler ["http-nio-8088"]
2026-03-28 20:10:23 [INFO] o.s.boot.tomcat.TomcatWebServer - Tomcat started on port 8088 (http) with context path '/'
2026-03-28 20:10:23 [INFO] com.example.demo.DemoApplication - Started DemoApplication in 12.92 seconds (process running for 17.682)
2026-03-28 20:14:15 [INFO] o.a.c.c.C.[Tomcat].[localhost].[/] - Initializing Spring DispatcherServlet 'dispatcherServlet'
2026-03-28 20:14:15 [INFO] o.s.web.servlet.DispatcherServlet - Initializing Servlet 'dispatcherServlet'
2026-03-28 20:14:15 [INFO] o.s.web.servlet.DispatcherServlet - Completed initialization in 0 ms
2026-03-28 20:14:15 [INFO] c.e.demo.controller.UserController - Fetching all users
2026-03-28 20:14:16 [INFO] c.e.demo.controller.UserController - Total users fetched: 1
2026-03-28 20:15:38 [INFO] c.e.demo.controller.UserController - Fetching all users
2026-03-28 20:15:38 [INFO] c.e.demo.controller.UserController - Total users fetched: 1
2026-03-28 20:17:17 [INFO] c.e.demo.controller.UserController - Fetching all users
2026-03-28 20:17:17 [INFO] c.e.demo.controller.UserController - Total users fetched: 1
2026-03-28 20:18:00 [INFO] c.e.demo.controller.UserController - Fetching all users
2026-03-28 20:18:00 [INFO] c.e.demo.controller.UserController - Total users fetched: 1
2026-03-28 20:18:03 [INFO] c.e.demo.controller.UserController - Fetching all users
2026-03-28 20:18:03 [INFO] c.e.demo.controller.UserController - Total users fetched: 1
2026-03-28 20:21:09 [INFO] c.e.demo.controller.UserController - Fetching all users
2026-03-28 20:21:09 [INFO] c.e.demo.controller.UserController - Total users fetched: 1
2026-03-28 20:22:21 [INFO] c.e.demo.controller.UserController - Fetching all users
2026-03-28 20:22:21 [INFO] c.e.demo.controller.UserController - Total users fetched: 1
2026-03-28 20:32:05 [INFO] c.e.demo.controller.UserController - Fetching all users
2026-03-28 20:32:05 [INFO] c.e.demo.controller.UserController - Total users fetched: 1
2026-03-28 20:55:17 [INFO] com.example.demo.DemoApplication - Starting DemoApplication using Java 21.0.10 with PID 34152 (C:\Users\ADMIN\Downloads\demo\demo\build\classes\java\main started by ADMIN in C:\Users\ADMIN\Downloads\demo)
2026-03-28 20:55:17 [INFO] com.example.demo.DemoApplication - No active profile set, falling back to 1 default profile: "default"
2026-03-28 20:55:18 [INFO] o.s.b.d.e.DevToolsPropertyDefaultsPostProcessor - Devtools property defaults active! Set 'spring.devtools.add-properties' to 'false' to disable
2026-03-28 20:55:18 [INFO] o.s.b.d.e.DevToolsPropertyDefaultsPostProcessor - For additional web related logging consider setting the 'logging.level.web' property to 'DEBUG'
2026-03-28 20:55:22 [INFO] o.s.d.r.c.RepositoryConfigurationDelegate - Bootstrapping Spring Data JPA repositories in DEFAULT mode.
2026-03-28 20:55:22 [INFO] o.s.d.r.c.RepositoryConfigurationDelegate - Finished Spring Data repository scanning in 230 ms. Found 1 JPA repository interface.
2026-03-28 20:55:25 [INFO] o.s.boot.tomcat.TomcatWebServer - Tomcat initialized with port 8088 (http)
2026-03-28 20:55:25 [INFO] o.a.coyote.http11.Http11NioProtocol - Initializing ProtocolHandler ["http-nio-8088"]
2026-03-28 20:55:25 [INFO] o.a.catalina.core.StandardService - Starting service [Tomcat]
2026-03-28 20:55:25 [INFO] o.a.catalina.core.StandardEngine - Starting Servlet engine: [Apache Tomcat/11.0.20]
2026-03-28 20:55:25 [INFO] o.s.b.w.c.s.WebApplicationContextInitializer - Root WebApplicationContext: initialization completed in 7635 ms
2026-03-28 20:55:27 [INFO] org.hibernate.orm.jpa - HHH008540: Processing PersistenceUnitInfo [name: default]
2026-03-28 20:55:27 [INFO] org.hibernate.orm.core - HHH000001: Hibernate ORM core version 7.2.7.Final
2026-03-28 20:55:29 [INFO] o.s.o.j.p.SpringPersistenceUnitInfo - No LoadTimeWeaver setup: ignoring JPA class transformer
2026-03-28 20:55:29 [INFO] com.zaxxer.hikari.HikariDataSource - HikariPool-1 - Starting...
2026-03-28 20:55:30 [INFO] com.zaxxer.hikari.pool.HikariPool - HikariPool-1 - Added connection com.mysql.cj.jdbc.ConnectionImpl@4fa0e17c
2026-03-28 20:55:30 [INFO] com.zaxxer.hikari.HikariDataSource - HikariPool-1 - Start completed.
2026-03-28 20:55:30 [INFO] o.hibernate.orm.connections.pooling - HHH10001005: Database info:
	Database JDBC URL [jdbc:mysql://127.0.0.1:3306/testdb]
	Database driver: MySQL Connector/J
	Database dialect: MySQLDialect
	Database version: 8.0.45
	Default catalog/schema: testdb/undefined
	Autocommit mode: undefined/unknown
	Isolation level: REPEATABLE_READ [default REPEATABLE_READ]
	JDBC fetch size: none
	Pool: DataSourceConnectionProvider
	Minimum pool size: undefined/unknown
	Maximum pool size: undefined/unknown
2026-03-28 20:55:32 [INFO] org.hibernate.orm.core - HHH000489: No JTA platform available (set 'hibernate.transaction.jta.platform' to enable JTA platform integration)
2026-03-28 20:55:32 [INFO] o.s.o.j.LocalContainerEntityManagerFactoryBean - Initialized JPA EntityManagerFactory for persistence unit 'default'
2026-03-28 20:55:32 [INFO] o.s.d.j.r.q.QueryEnhancerFactories - Hibernate is in classpath; If applicable, HQL parser will be used.
2026-03-28 20:55:33 [INFO] o.a.coyote.http11.Http11NioProtocol - Starting ProtocolHandler ["http-nio-8088"]
2026-03-28 20:55:33 [INFO] o.s.boot.tomcat.TomcatWebServer - Tomcat started on port 8088 (http) with context path '/'
2026-03-28 20:55:33 [INFO] com.example.demo.DemoApplication - Started DemoApplication in 19.011 seconds (process running for 20.642)
2026-03-28 20:56:43 [INFO] o.a.c.c.C.[Tomcat].[localhost].[/] - Initializing Spring DispatcherServlet 'dispatcherServlet'
2026-03-28 20:56:43 [INFO] o.s.web.servlet.DispatcherServlet - Initializing Servlet 'dispatcherServlet'
2026-03-28 20:56:43 [INFO] o.s.web.servlet.DispatcherServlet - Completed initialization in 3 ms
2026-03-28 20:56:43 [INFO] c.e.demo.controller.UserController - Fetching all users
2026-03-28 20:57:10 [INFO] c.e.demo.controller.UserController - Creating user: com.example.demo.entity.User@60331e32
2026-03-28 20:57:17 [INFO] c.e.demo.controller.UserController - Fetching all users
2026-03-28 20:57:47 [INFO] c.e.demo.controller.UserController - Fetching user with ID: 999
2026-03-28 20:57:47 [ERROR] c.e.d.e.GlobalExceptionHandler - Resource not found: User not found with id: 999
2026-03-28 20:57:47 [WARN] o.s.w.s.m.m.a.ExceptionHandlerExceptionResolver - Resolved [com.example.demo.exception.ResourceNotFoundException: User not found with id: 999]
