2026-04-03 11:27:23 [INFO] com.example.demo.DemoApplication - Starting DemoApplication using Java 21.0.10 with PID 15892 (C:\Users\ADMIN\Downloads\demo\demo\bin\main started by ADMIN in C:\Users\ADMIN\Downloads\demo\demo)
2026-04-03 11:27:23 [INFO] com.example.demo.DemoApplication - No active profile set, falling back to 1 default profile: "default"
2026-04-03 11:27:23 [INFO] o.s.b.d.e.DevToolsPropertyDefaultsPostProcessor - Devtools property defaults active! Set 'spring.devtools.add-properties' to 'false' to disable
2026-04-03 11:27:23 [INFO] o.s.b.d.e.DevToolsPropertyDefaultsPostProcessor - For additional web related logging consider setting the 'logging.level.web' property to 'DEBUG'
2026-04-03 11:27:25 [INFO] o.s.d.r.c.RepositoryConfigurationDelegate - Bootstrapping Spring Data JPA repositories in DEFAULT mode.
2026-04-03 11:27:26 [INFO] o.s.d.r.c.RepositoryConfigurationDelegate - Finished Spring Data repository scanning in 90 ms. Found 1 JPA repository interface.
2026-04-03 11:27:27 [INFO] o.s.b.w.e.tomcat.TomcatWebServer - Tomcat initialized with port 8088 (http)
2026-04-03 11:27:27 [INFO] o.a.c.core.AprLifecycleListener - An older version [1.3.5] of the Apache Tomcat Native library is installed, while Tomcat recommends a minimum version of [2.0.5]
2026-04-03 11:27:27 [INFO] o.a.c.core.AprLifecycleListener - Loaded Apache Tomcat Native library [1.3.5] using APR version [1.7.6].
2026-04-03 11:27:27 [INFO] o.a.c.core.AprLifecycleListener - OpenSSL successfully initialized [OpenSSL 3.0.18 30 Sep 2025]
2026-04-03 11:27:27 [INFO] o.a.coyote.http11.Http11NioProtocol - Initializing ProtocolHandler ["http-nio-8088"]
2026-04-03 11:27:27 [INFO] o.a.catalina.core.StandardService - Starting service [Tomcat]
2026-04-03 11:27:27 [INFO] o.a.catalina.core.StandardEngine - Starting Servlet engine: [Apache Tomcat/10.1.20]
2026-04-03 11:27:27 [INFO] o.a.c.c.C.[Tomcat].[localhost].[/] - Initializing Spring embedded WebApplicationContext
2026-04-03 11:27:27 [INFO] o.s.b.w.s.c.ServletWebServerApplicationContext - Root WebApplicationContext: initialization completed in 3462 ms
2026-04-03 11:27:27 [INFO] com.zaxxer.hikari.HikariDataSource - HikariPool-1 - Starting...
2026-04-03 11:27:28 [INFO] com.zaxxer.hikari.pool.HikariPool - HikariPool-1 - Added connection com.mysql.cj.jdbc.ConnectionImpl@5fb1bd89
2026-04-03 11:27:28 [INFO] com.zaxxer.hikari.HikariDataSource - HikariPool-1 - Start completed.
2026-04-03 11:27:28 [INFO] liquibase.command - Command execution complete
2026-04-03 11:27:28 [WARN] o.s.b.w.s.c.AnnotationConfigServletWebServerApplicationContext - Exception encountered during context initialization - cancelling refresh attempt: org.springframework.beans.factory.BeanCreationException: Error creating bean with name 'liquibase' defined in class path resource [org/springframework/boot/autoconfigure/liquibase/LiquibaseAutoConfiguration$LiquibaseConfiguration.class]: liquibase.exception.ChangeLogParseException: Syntax error in file classpath:db/changelog/db.changelog-master.yaml: mapping values are not allowed here
 in 'reader', line 4, column 17:
           - include:
                    ^

2026-04-03 11:27:28 [INFO] com.zaxxer.hikari.HikariDataSource - HikariPool-1 - Shutdown initiated...
2026-04-03 11:27:28 [INFO] com.zaxxer.hikari.HikariDataSource - HikariPool-1 - Shutdown completed.
2026-04-03 11:27:28 [INFO] o.a.catalina.core.StandardService - Stopping service [Tomcat]
2026-04-03 11:27:28 [INFO] o.s.b.a.l.ConditionEvaluationReportLogger - 

Error starting ApplicationContext. To display the condition evaluation report re-run your application with 'debug' enabled.
2026-04-03 11:27:29 [ERROR] o.s.boot.SpringApplication - Application run failed
org.springframework.beans.factory.BeanCreationException: Error creating bean with name 'liquibase' defined in class path resource [org/springframework/boot/autoconfigure/liquibase/LiquibaseAutoConfiguration$LiquibaseConfiguration.class]: liquibase.exception.ChangeLogParseException: Syntax error in file classpath:db/changelog/db.changelog-master.yaml: mapping values are not allowed here
 in 'reader', line 4, column 17:
           - include:
                    ^

	at org.springframework.beans.factory.support.AbstractAutowireCapableBeanFactory.initializeBean(AbstractAutowireCapableBeanFactory.java:1786)
	at org.springframework.beans.factory.support.AbstractAutowireCapableBeanFactory.doCreateBean(AbstractAutowireCapableBeanFactory.java:600)
	at org.springframework.beans.factory.support.AbstractAutowireCapableBeanFactory.createBean(AbstractAutowireCapableBeanFactory.java:522)
	at org.springframework.beans.factory.support.AbstractBeanFactory.lambda$doGetBean$0(AbstractBeanFactory.java:326)
	at org.springframework.beans.factory.support.DefaultSingletonBeanRegistry.getSingleton(DefaultSingletonBeanRegistry.java:234)
	at org.springframework.beans.factory.support.AbstractBeanFactory.doGetBean(AbstractBeanFactory.java:324)
	at org.springframework.beans.factory.support.AbstractBeanFactory.getBean(AbstractBeanFactory.java:200)
	at org.springframework.beans.factory.support.AbstractBeanFactory.doGetBean(AbstractBeanFactory.java:313)
	at org.springframework.beans.factory.support.AbstractBeanFactory.getBean(AbstractBeanFactory.java:200)
	at org.springframework.context.support.AbstractApplicationContext.getBean(AbstractApplicationContext.java:1234)
	at org.springframework.context.support.AbstractApplicationContext.finishBeanFactoryInitialization(AbstractApplicationContext.java:952)
	at org.springframework.context.support.AbstractApplicationContext.refresh(AbstractApplicationContext.java:624)
	at org.springframework.boot.web.servlet.context.ServletWebServerApplicationContext.refresh(ServletWebServerApplicationContext.java:146)
	at org.springframework.boot.SpringApplication.refresh(SpringApplication.java:754)
	at org.springframework.boot.SpringApplication.refreshContext(SpringApplication.java:456)
	at org.springframework.boot.SpringApplication.run(SpringApplication.java:334)
	at org.springframework.boot.SpringApplication.run(SpringApplication.java:1354)
	at org.springframework.boot.SpringApplication.run(SpringApplication.java:1343)
	at com.example.demo.DemoApplication.main(DemoApplication.java:10)
	at java.base/jdk.internal.reflect.DirectMethodHandleAccessor.invoke(DirectMethodHandleAccessor.java:103)
	at java.base/java.lang.reflect.Method.invoke(Method.java:580)
	at org.springframework.boot.devtools.restart.RestartLauncher.run(RestartLauncher.java:50)
Caused by: liquibase.exception.CommandExecutionException: liquibase.exception.ChangeLogParseException: Syntax error in file classpath:db/changelog/db.changelog-master.yaml: mapping values are not allowed here
 in 'reader', line 4, column 17:
           - include:
                    ^

	at liquibase.command.CommandScope.execute(CommandScope.java:237)
	at liquibase.Liquibase.lambda$update$0(Liquibase.java:222)
	at liquibase.Scope.lambda$child$0(Scope.java:184)
	at liquibase.Scope.child(Scope.java:193)
	at liquibase.Scope.child(Scope.java:183)
	at liquibase.Scope.child(Scope.java:162)
	at liquibase.Liquibase.runInScope(Liquibase.java:1371)
	at liquibase.Liquibase.update(Liquibase.java:211)
	at liquibase.Liquibase.update(Liquibase.java:193)
	at liquibase.integration.spring.SpringLiquibase.performUpdate(SpringLiquibase.java:331)
	at liquibase.integration.spring.SpringLiquibase.afterPropertiesSet(SpringLiquibase.java:286)
	at org.springframework.beans.factory.support.AbstractAutowireCapableBeanFactory.invokeInitMethods(AbstractAutowireCapableBeanFactory.java:1833)
	at org.springframework.beans.factory.support.AbstractAutowireCapableBeanFactory.initializeBean(AbstractAutowireCapableBeanFactory.java:1782)
	... 21 common frames omitted
Caused by: liquibase.exception.ChangeLogParseException: Syntax error in file classpath:db/changelog/db.changelog-master.yaml: mapping values are not allowed here
 in 'reader', line 4, column 17:
           - include:
                    ^

	at liquibase.parser.core.yaml.YamlChangeLogParser.parseYamlStream(YamlChangeLogParser.java:103)
	at liquibase.parser.core.yaml.YamlChangeLogParser.parse(YamlChangeLogParser.java:38)
	at liquibase.command.core.helpers.DatabaseChangelogCommandStep.lambda$getDatabaseChangeLog$0(DatabaseChangelogCommandStep.java:129)
	at liquibase.Scope.child(Scope.java:193)
	at liquibase.Scope.child(Scope.java:169)
	at liquibase.command.core.helpers.DatabaseChangelogCommandStep.getDatabaseChangeLog(DatabaseChangelogCommandStep.java:128)
	at liquibase.command.core.helpers.DatabaseChangelogCommandStep.run(DatabaseChangelogCommandStep.java:87)
	at liquibase.command.CommandScope.execute(CommandScope.java:214)
	... 33 common frames omitted
Caused by: org.yaml.snakeyaml.scanner.ScannerException: mapping values are not allowed here
 in 'reader', line 4, column 17:
           - include:
                    ^

	at org.yaml.snakeyaml.scanner.ScannerImpl.fetchValue(ScannerImpl.java:902)
	at org.yaml.snakeyaml.scanner.ScannerImpl.fetchMoreTokens(ScannerImpl.java:391)
	at org.yaml.snakeyaml.scanner.ScannerImpl.checkToken(ScannerImpl.java:238)
	at org.yaml.snakeyaml.parser.ParserImpl$ParseBlockMappingKey.produce(ParserImpl.java:637)
	at org.yaml.snakeyaml.parser.ParserImpl.peekEvent(ParserImpl.java:161)
	at org.yaml.snakeyaml.comments.CommentEventsCollector$1.peek(CommentEventsCollector.java:57)
	at org.yaml.snakeyaml.comments.CommentEventsCollector$1.peek(CommentEventsCollector.java:43)
	at org.yaml.snakeyaml.comments.CommentEventsCollector.collectEvents(CommentEventsCollector.java:136)
	at org.yaml.snakeyaml.comments.CommentEventsCollector.collectEvents(CommentEventsCollector.java:116)
	at org.yaml.snakeyaml.composer.Composer.composeScalarNode(Composer.java:241)
	at org.yaml.snakeyaml.composer.Composer.composeNode(Composer.java:205)
	at org.yaml.snakeyaml.composer.Composer.composeValueNode(Composer.java:369)
	at org.yaml.snakeyaml.composer.Composer.composeMappingChildren(Composer.java:348)
	at org.yaml.snakeyaml.composer.Composer.composeMappingNode(Composer.java:323)
	at org.yaml.snakeyaml.composer.Composer.composeNode(Composer.java:209)
	at org.yaml.snakeyaml.composer.Composer.composeValueNode(Composer.java:369)
	at org.yaml.snakeyaml.composer.Composer.composeMappingChildren(Composer.java:348)
	at org.yaml.snakeyaml.composer.Composer.composeMappingNode(Composer.java:323)
	at org.yaml.snakeyaml.composer.Composer.composeNode(Composer.java:209)
	at org.yaml.snakeyaml.composer.Composer.composeSequenceNode(Composer.java:277)
	at org.yaml.snakeyaml.composer.Composer.composeNode(Composer.java:207)
	at org.yaml.snakeyaml.composer.Composer.composeValueNode(Composer.java:369)
	at org.yaml.snakeyaml.composer.Composer.composeMappingChildren(Composer.java:348)
	at org.yaml.snakeyaml.composer.Composer.composeMappingNode(Composer.java:323)
	at org.yaml.snakeyaml.composer.Composer.composeNode(Composer.java:209)
	at org.yaml.snakeyaml.composer.Composer.getNode(Composer.java:131)
	at org.yaml.snakeyaml.composer.Composer.getSingleNode(Composer.java:157)
	at org.yaml.snakeyaml.constructor.BaseConstructor.getSingleData(BaseConstructor.java:178)
	at org.yaml.snakeyaml.Yaml.loadFromReader(Yaml.java:493)
	at org.yaml.snakeyaml.Yaml.load(Yaml.java:434)
	at liquibase.parser.core.yaml.YamlChangeLogParser.parseYamlStream(YamlChangeLogParser.java:101)
	... 40 common frames omitted
2026-04-03 11:27:55 [INFO] com.example.demo.DemoApplication - Starting DemoApplication using Java 21.0.10 with PID 12264 (C:\Users\ADMIN\Downloads\demo\demo\bin\main started by ADMIN in C:\Users\ADMIN\Downloads\demo\demo)
2026-04-03 11:27:55 [INFO] com.example.demo.DemoApplication - No active profile set, falling back to 1 default profile: "default"
2026-04-03 11:27:55 [INFO] o.s.b.d.e.DevToolsPropertyDefaultsPostProcessor - Devtools property defaults active! Set 'spring.devtools.add-properties' to 'false' to disable
2026-04-03 11:27:55 [INFO] o.s.b.d.e.DevToolsPropertyDefaultsPostProcessor - For additional web related logging consider setting the 'logging.level.web' property to 'DEBUG'
2026-04-03 11:27:57 [INFO] o.s.d.r.c.RepositoryConfigurationDelegate - Bootstrapping Spring Data JPA repositories in DEFAULT mode.
2026-04-03 11:27:57 [INFO] o.s.d.r.c.RepositoryConfigurationDelegate - Finished Spring Data repository scanning in 105 ms. Found 1 JPA repository interface.
2026-04-03 11:27:59 [INFO] o.s.b.w.e.tomcat.TomcatWebServer - Tomcat initialized with port 8088 (http)
2026-04-03 11:27:59 [INFO] o.a.c.core.AprLifecycleListener - An older version [1.3.5] of the Apache Tomcat Native library is installed, while Tomcat recommends a minimum version of [2.0.5]
2026-04-03 11:27:59 [INFO] o.a.c.core.AprLifecycleListener - Loaded Apache Tomcat Native library [1.3.5] using APR version [1.7.6].
2026-04-03 11:27:59 [INFO] o.a.c.core.AprLifecycleListener - OpenSSL successfully initialized [OpenSSL 3.0.18 30 Sep 2025]
2026-04-03 11:27:59 [INFO] o.a.coyote.http11.Http11NioProtocol - Initializing ProtocolHandler ["http-nio-8088"]
2026-04-03 11:27:59 [INFO] o.a.catalina.core.StandardService - Starting service [Tomcat]
2026-04-03 11:27:59 [INFO] o.a.catalina.core.StandardEngine - Starting Servlet engine: [Apache Tomcat/10.1.20]
2026-04-03 11:27:59 [INFO] o.a.c.c.C.[Tomcat].[localhost].[/] - Initializing Spring embedded WebApplicationContext
2026-04-03 11:27:59 [INFO] o.s.b.w.s.c.ServletWebServerApplicationContext - Root WebApplicationContext: initialization completed in 3923 ms
2026-04-03 11:27:59 [INFO] com.zaxxer.hikari.HikariDataSource - HikariPool-1 - Starting...
2026-04-03 11:28:00 [INFO] com.zaxxer.hikari.pool.HikariPool - HikariPool-1 - Added connection com.mysql.cj.jdbc.ConnectionImpl@a66085b
2026-04-03 11:28:00 [INFO] com.zaxxer.hikari.HikariDataSource - HikariPool-1 - Start completed.
2026-04-03 11:28:01 [INFO] liquibase.command - Command execution complete
2026-04-03 11:28:01 [WARN] o.s.b.w.s.c.AnnotationConfigServletWebServerApplicationContext - Exception encountered during context initialization - cancelling refresh attempt: org.springframework.beans.factory.BeanCreationException: Error creating bean with name 'liquibase' defined in class path resource [org/springframework/boot/autoconfigure/liquibase/LiquibaseAutoConfiguration$LiquibaseConfiguration.class]: liquibase.exception.ChangeLogParseException: Syntax error in file classpath:db/changelog/db.changelog-master.yaml: mapping values are not allowed here
 in 'reader', line 4, column 17:
           - include:
                    ^

2026-04-03 11:28:01 [INFO] com.zaxxer.hikari.HikariDataSource - HikariPool-1 - Shutdown initiated...
2026-04-03 11:28:01 [INFO] com.zaxxer.hikari.HikariDataSource - HikariPool-1 - Shutdown completed.
2026-04-03 11:28:01 [INFO] o.a.catalina.core.StandardService - Stopping service [Tomcat]
2026-04-03 11:28:01 [INFO] o.s.b.a.l.ConditionEvaluationReportLogger - 

Error starting ApplicationContext. To display the condition evaluation report re-run your application with 'debug' enabled.
2026-04-03 11:28:01 [ERROR] o.s.boot.SpringApplication - Application run failed
org.springframework.beans.factory.BeanCreationException: Error creating bean with name 'liquibase' defined in class path resource [org/springframework/boot/autoconfigure/liquibase/LiquibaseAutoConfiguration$LiquibaseConfiguration.class]: liquibase.exception.ChangeLogParseException: Syntax error in file classpath:db/changelog/db.changelog-master.yaml: mapping values are not allowed here
 in 'reader', line 4, column 17:
           - include:
                    ^

	at org.springframework.beans.factory.support.AbstractAutowireCapableBeanFactory.initializeBean(AbstractAutowireCapableBeanFactory.java:1786)
	at org.springframework.beans.factory.support.AbstractAutowireCapableBeanFactory.doCreateBean(AbstractAutowireCapableBeanFactory.java:600)
	at org.springframework.beans.factory.support.AbstractAutowireCapableBeanFactory.createBean(AbstractAutowireCapableBeanFactory.java:522)
	at org.springframework.beans.factory.support.AbstractBeanFactory.lambda$doGetBean$0(AbstractBeanFactory.java:326)
	at org.springframework.beans.factory.support.DefaultSingletonBeanRegistry.getSingleton(DefaultSingletonBeanRegistry.java:234)
	at org.springframework.beans.factory.support.AbstractBeanFactory.doGetBean(AbstractBeanFactory.java:324)
	at org.springframework.beans.factory.support.AbstractBeanFactory.getBean(AbstractBeanFactory.java:200)
	at org.springframework.beans.factory.support.AbstractBeanFactory.doGetBean(AbstractBeanFactory.java:313)
	at org.springframework.beans.factory.support.AbstractBeanFactory.getBean(AbstractBeanFactory.java:200)
	at org.springframework.context.support.AbstractApplicationContext.getBean(AbstractApplicationContext.java:1234)
	at org.springframework.context.support.AbstractApplicationContext.finishBeanFactoryInitialization(AbstractApplicationContext.java:952)
	at org.springframework.context.support.AbstractApplicationContext.refresh(AbstractApplicationContext.java:624)
	at org.springframework.boot.web.servlet.context.ServletWebServerApplicationContext.refresh(ServletWebServerApplicationContext.java:146)
	at org.springframework.boot.SpringApplication.refresh(SpringApplication.java:754)
	at org.springframework.boot.SpringApplication.refreshContext(SpringApplication.java:456)
	at org.springframework.boot.SpringApplication.run(SpringApplication.java:334)
	at org.springframework.boot.SpringApplication.run(SpringApplication.java:1354)
	at org.springframework.boot.SpringApplication.run(SpringApplication.java:1343)
	at com.example.demo.DemoApplication.main(DemoApplication.java:10)
	at java.base/jdk.internal.reflect.DirectMethodHandleAccessor.invoke(DirectMethodHandleAccessor.java:103)
	at java.base/java.lang.reflect.Method.invoke(Method.java:580)
	at org.springframework.boot.devtools.restart.RestartLauncher.run(RestartLauncher.java:50)
Caused by: liquibase.exception.CommandExecutionException: liquibase.exception.ChangeLogParseException: Syntax error in file classpath:db/changelog/db.changelog-master.yaml: mapping values are not allowed here
 in 'reader', line 4, column 17:
           - include:
                    ^

	at liquibase.command.CommandScope.execute(CommandScope.java:237)
	at liquibase.Liquibase.lambda$update$0(Liquibase.java:222)
	at liquibase.Scope.lambda$child$0(Scope.java:184)
	at liquibase.Scope.child(Scope.java:193)
	at liquibase.Scope.child(Scope.java:183)
	at liquibase.Scope.child(Scope.java:162)
	at liquibase.Liquibase.runInScope(Liquibase.java:1371)
	at liquibase.Liquibase.update(Liquibase.java:211)
	at liquibase.Liquibase.update(Liquibase.java:193)
	at liquibase.integration.spring.SpringLiquibase.performUpdate(SpringLiquibase.java:331)
	at liquibase.integration.spring.SpringLiquibase.afterPropertiesSet(SpringLiquibase.java:286)
	at org.springframework.beans.factory.support.AbstractAutowireCapableBeanFactory.invokeInitMethods(AbstractAutowireCapableBeanFactory.java:1833)
	at org.springframework.beans.factory.support.AbstractAutowireCapableBeanFactory.initializeBean(AbstractAutowireCapableBeanFactory.java:1782)
	... 21 common frames omitted
Caused by: liquibase.exception.ChangeLogParseException: Syntax error in file classpath:db/changelog/db.changelog-master.yaml: mapping values are not allowed here
 in 'reader', line 4, column 17:
           - include:
                    ^

	at liquibase.parser.core.yaml.YamlChangeLogParser.parseYamlStream(YamlChangeLogParser.java:103)
	at liquibase.parser.core.yaml.YamlChangeLogParser.parse(YamlChangeLogParser.java:38)
	at liquibase.command.core.helpers.DatabaseChangelogCommandStep.lambda$getDatabaseChangeLog$0(DatabaseChangelogCommandStep.java:129)
	at liquibase.Scope.child(Scope.java:193)
	at liquibase.Scope.child(Scope.java:169)
	at liquibase.command.core.helpers.DatabaseChangelogCommandStep.getDatabaseChangeLog(DatabaseChangelogCommandStep.java:128)
	at liquibase.command.core.helpers.DatabaseChangelogCommandStep.run(DatabaseChangelogCommandStep.java:87)
	at liquibase.command.CommandScope.execute(CommandScope.java:214)
	... 33 common frames omitted
Caused by: org.yaml.snakeyaml.scanner.ScannerException: mapping values are not allowed here
 in 'reader', line 4, column 17:
           - include:
                    ^

	at org.yaml.snakeyaml.scanner.ScannerImpl.fetchValue(ScannerImpl.java:902)
	at org.yaml.snakeyaml.scanner.ScannerImpl.fetchMoreTokens(ScannerImpl.java:391)
	at org.yaml.snakeyaml.scanner.ScannerImpl.checkToken(ScannerImpl.java:238)
	at org.yaml.snakeyaml.parser.ParserImpl$ParseBlockMappingKey.produce(ParserImpl.java:637)
	at org.yaml.snakeyaml.parser.ParserImpl.peekEvent(ParserImpl.java:161)
	at org.yaml.snakeyaml.comments.CommentEventsCollector$1.peek(CommentEventsCollector.java:57)
	at org.yaml.snakeyaml.comments.CommentEventsCollector$1.peek(CommentEventsCollector.java:43)
	at org.yaml.snakeyaml.comments.CommentEventsCollector.collectEvents(CommentEventsCollector.java:136)
	at org.yaml.snakeyaml.comments.CommentEventsCollector.collectEvents(CommentEventsCollector.java:116)
	at org.yaml.snakeyaml.composer.Composer.composeScalarNode(Composer.java:241)
	at org.yaml.snakeyaml.composer.Composer.composeNode(Composer.java:205)
	at org.yaml.snakeyaml.composer.Composer.composeValueNode(Composer.java:369)
	at org.yaml.snakeyaml.composer.Composer.composeMappingChildren(Composer.java:348)
	at org.yaml.snakeyaml.composer.Composer.composeMappingNode(Composer.java:323)
	at org.yaml.snakeyaml.composer.Composer.composeNode(Composer.java:209)
	at org.yaml.snakeyaml.composer.Composer.composeValueNode(Composer.java:369)
	at org.yaml.snakeyaml.composer.Composer.composeMappingChildren(Composer.java:348)
	at org.yaml.snakeyaml.composer.Composer.composeMappingNode(Composer.java:323)
	at org.yaml.snakeyaml.composer.Composer.composeNode(Composer.java:209)
	at org.yaml.snakeyaml.composer.Composer.composeSequenceNode(Composer.java:277)
	at org.yaml.snakeyaml.composer.Composer.composeNode(Composer.java:207)
	at org.yaml.snakeyaml.composer.Composer.composeValueNode(Composer.java:369)
	at org.yaml.snakeyaml.composer.Composer.composeMappingChildren(Composer.java:348)
	at org.yaml.snakeyaml.composer.Composer.composeMappingNode(Composer.java:323)
	at org.yaml.snakeyaml.composer.Composer.composeNode(Composer.java:209)
	at org.yaml.snakeyaml.composer.Composer.getNode(Composer.java:131)
	at org.yaml.snakeyaml.composer.Composer.getSingleNode(Composer.java:157)
	at org.yaml.snakeyaml.constructor.BaseConstructor.getSingleData(BaseConstructor.java:178)
	at org.yaml.snakeyaml.Yaml.loadFromReader(Yaml.java:493)
	at org.yaml.snakeyaml.Yaml.load(Yaml.java:434)
	at liquibase.parser.core.yaml.YamlChangeLogParser.parseYamlStream(YamlChangeLogParser.java:101)
	... 40 common frames omitted
2026-04-03 11:28:25 [INFO] com.example.demo.DemoApplication - Starting DemoApplication using Java 21.0.10 with PID 19292 (C:\Users\ADMIN\Downloads\demo\demo\bin\main started by ADMIN in C:\Users\ADMIN\Downloads\demo\demo)
2026-04-03 11:28:25 [INFO] com.example.demo.DemoApplication - No active profile set, falling back to 1 default profile: "default"
2026-04-03 11:28:26 [INFO] o.s.b.d.e.DevToolsPropertyDefaultsPostProcessor - Devtools property defaults active! Set 'spring.devtools.add-properties' to 'false' to disable
2026-04-03 11:28:26 [INFO] o.s.b.d.e.DevToolsPropertyDefaultsPostProcessor - For additional web related logging consider setting the 'logging.level.web' property to 'DEBUG'
2026-04-03 11:28:27 [INFO] o.s.d.r.c.RepositoryConfigurationDelegate - Bootstrapping Spring Data JPA repositories in DEFAULT mode.
2026-04-03 11:28:27 [INFO] o.s.d.r.c.RepositoryConfigurationDelegate - Finished Spring Data repository scanning in 125 ms. Found 1 JPA repository interface.
2026-04-03 11:28:29 [INFO] o.s.b.w.e.tomcat.TomcatWebServer - Tomcat initialized with port 8088 (http)
2026-04-03 11:28:29 [INFO] o.a.c.core.AprLifecycleListener - An older version [1.3.5] of the Apache Tomcat Native library is installed, while Tomcat recommends a minimum version of [2.0.5]
2026-04-03 11:28:29 [INFO] o.a.c.core.AprLifecycleListener - Loaded Apache Tomcat Native library [1.3.5] using APR version [1.7.6].
2026-04-03 11:28:29 [INFO] o.a.c.core.AprLifecycleListener - OpenSSL successfully initialized [OpenSSL 3.0.18 30 Sep 2025]
2026-04-03 11:28:29 [INFO] o.a.coyote.http11.Http11NioProtocol - Initializing ProtocolHandler ["http-nio-8088"]
2026-04-03 11:28:29 [INFO] o.a.catalina.core.StandardService - Starting service [Tomcat]
2026-04-03 11:28:29 [INFO] o.a.catalina.core.StandardEngine - Starting Servlet engine: [Apache Tomcat/10.1.20]
2026-04-03 11:28:29 [INFO] o.a.c.c.C.[Tomcat].[localhost].[/] - Initializing Spring embedded WebApplicationContext
2026-04-03 11:28:29 [INFO] o.s.b.w.s.c.ServletWebServerApplicationContext - Root WebApplicationContext: initialization completed in 3387 ms
2026-04-03 11:28:29 [INFO] com.zaxxer.hikari.HikariDataSource - HikariPool-1 - Starting...
2026-04-03 11:28:30 [INFO] com.zaxxer.hikari.pool.HikariPool - HikariPool-1 - Added connection com.mysql.cj.jdbc.ConnectionImpl@b0bab90
2026-04-03 11:28:30 [INFO] com.zaxxer.hikari.HikariDataSource - HikariPool-1 - Start completed.
2026-04-03 11:28:31 [INFO] liquibase.command - Command execution complete
2026-04-03 11:28:31 [WARN] o.s.b.w.s.c.AnnotationConfigServletWebServerApplicationContext - Exception encountered during context initialization - cancelling refresh attempt: org.springframework.beans.factory.BeanCreationException: Error creating bean with name 'liquibase' defined in class path resource [org/springframework/boot/autoconfigure/liquibase/LiquibaseAutoConfiguration$LiquibaseConfiguration.class]: liquibase.exception.ChangeLogParseException: Syntax error in file classpath:db/changelog/db.changelog-master.yaml: mapping values are not allowed here
 in 'reader', line 4, column 17:
           - include:
                    ^

2026-04-03 11:28:31 [INFO] com.zaxxer.hikari.HikariDataSource - HikariPool-1 - Shutdown initiated...
2026-04-03 11:28:31 [INFO] com.zaxxer.hikari.HikariDataSource - HikariPool-1 - Shutdown completed.
2026-04-03 11:28:31 [INFO] o.a.catalina.core.StandardService - Stopping service [Tomcat]
2026-04-03 11:28:31 [INFO] o.s.b.a.l.ConditionEvaluationReportLogger - 

Error starting ApplicationContext. To display the condition evaluation report re-run your application with 'debug' enabled.
2026-04-03 11:28:31 [ERROR] o.s.boot.SpringApplication - Application run failed
org.springframework.beans.factory.BeanCreationException: Error creating bean with name 'liquibase' defined in class path resource [org/springframework/boot/autoconfigure/liquibase/LiquibaseAutoConfiguration$LiquibaseConfiguration.class]: liquibase.exception.ChangeLogParseException: Syntax error in file classpath:db/changelog/db.changelog-master.yaml: mapping values are not allowed here
 in 'reader', line 4, column 17:
           - include:
                    ^

	at org.springframework.beans.factory.support.AbstractAutowireCapableBeanFactory.initializeBean(AbstractAutowireCapableBeanFactory.java:1786)
	at org.springframework.beans.factory.support.AbstractAutowireCapableBeanFactory.doCreateBean(AbstractAutowireCapableBeanFactory.java:600)
	at org.springframework.beans.factory.support.AbstractAutowireCapableBeanFactory.createBean(AbstractAutowireCapableBeanFactory.java:522)
	at org.springframework.beans.factory.support.AbstractBeanFactory.lambda$doGetBean$0(AbstractBeanFactory.java:326)
	at org.springframework.beans.factory.support.DefaultSingletonBeanRegistry.getSingleton(DefaultSingletonBeanRegistry.java:234)
	at org.springframework.beans.factory.support.AbstractBeanFactory.doGetBean(AbstractBeanFactory.java:324)
	at org.springframework.beans.factory.support.AbstractBeanFactory.getBean(AbstractBeanFactory.java:200)
	at org.springframework.beans.factory.support.AbstractBeanFactory.doGetBean(AbstractBeanFactory.java:313)
	at org.springframework.beans.factory.support.AbstractBeanFactory.getBean(AbstractBeanFactory.java:200)
	at org.springframework.context.support.AbstractApplicationContext.getBean(AbstractApplicationContext.java:1234)
	at org.springframework.context.support.AbstractApplicationContext.finishBeanFactoryInitialization(AbstractApplicationContext.java:952)
	at org.springframework.context.support.AbstractApplicationContext.refresh(AbstractApplicationContext.java:624)
	at org.springframework.boot.web.servlet.context.ServletWebServerApplicationContext.refresh(ServletWebServerApplicationContext.java:146)
	at org.springframework.boot.SpringApplication.refresh(SpringApplication.java:754)
	at org.springframework.boot.SpringApplication.refreshContext(SpringApplication.java:456)
	at org.springframework.boot.SpringApplication.run(SpringApplication.java:334)
	at org.springframework.boot.SpringApplication.run(SpringApplication.java:1354)
	at org.springframework.boot.SpringApplication.run(SpringApplication.java:1343)
	at com.example.demo.DemoApplication.main(DemoApplication.java:10)
	at java.base/jdk.internal.reflect.DirectMethodHandleAccessor.invoke(DirectMethodHandleAccessor.java:103)
	at java.base/java.lang.reflect.Method.invoke(Method.java:580)
	at org.springframework.boot.devtools.restart.RestartLauncher.run(RestartLauncher.java:50)
Caused by: liquibase.exception.CommandExecutionException: liquibase.exception.ChangeLogParseException: Syntax error in file classpath:db/changelog/db.changelog-master.yaml: mapping values are not allowed here
 in 'reader', line 4, column 17:
           - include:
                    ^

	at liquibase.command.CommandScope.execute(CommandScope.java:237)
	at liquibase.Liquibase.lambda$update$0(Liquibase.java:222)
	at liquibase.Scope.lambda$child$0(Scope.java:184)
	at liquibase.Scope.child(Scope.java:193)
	at liquibase.Scope.child(Scope.java:183)
	at liquibase.Scope.child(Scope.java:162)
	at liquibase.Liquibase.runInScope(Liquibase.java:1371)
	at liquibase.Liquibase.update(Liquibase.java:211)
	at liquibase.Liquibase.update(Liquibase.java:193)
	at liquibase.integration.spring.SpringLiquibase.performUpdate(SpringLiquibase.java:331)
	at liquibase.integration.spring.SpringLiquibase.afterPropertiesSet(SpringLiquibase.java:286)
	at org.springframework.beans.factory.support.AbstractAutowireCapableBeanFactory.invokeInitMethods(AbstractAutowireCapableBeanFactory.java:1833)
	at org.springframework.beans.factory.support.AbstractAutowireCapableBeanFactory.initializeBean(AbstractAutowireCapableBeanFactory.java:1782)
	... 21 common frames omitted
Caused by: liquibase.exception.ChangeLogParseException: Syntax error in file classpath:db/changelog/db.changelog-master.yaml: mapping values are not allowed here
 in 'reader', line 4, column 17:
           - include:
                    ^

	at liquibase.parser.core.yaml.YamlChangeLogParser.parseYamlStream(YamlChangeLogParser.java:103)
	at liquibase.parser.core.yaml.YamlChangeLogParser.parse(YamlChangeLogParser.java:38)
	at liquibase.command.core.helpers.DatabaseChangelogCommandStep.lambda$getDatabaseChangeLog$0(DatabaseChangelogCommandStep.java:129)
	at liquibase.Scope.child(Scope.java:193)
	at liquibase.Scope.child(Scope.java:169)
	at liquibase.command.core.helpers.DatabaseChangelogCommandStep.getDatabaseChangeLog(DatabaseChangelogCommandStep.java:128)
	at liquibase.command.core.helpers.DatabaseChangelogCommandStep.run(DatabaseChangelogCommandStep.java:87)
	at liquibase.command.CommandScope.execute(CommandScope.java:214)
	... 33 common frames omitted
Caused by: org.yaml.snakeyaml.scanner.ScannerException: mapping values are not allowed here
 in 'reader', line 4, column 17:
           - include:
                    ^

	at org.yaml.snakeyaml.scanner.ScannerImpl.fetchValue(ScannerImpl.java:902)
	at org.yaml.snakeyaml.scanner.ScannerImpl.fetchMoreTokens(ScannerImpl.java:391)
	at org.yaml.snakeyaml.scanner.ScannerImpl.checkToken(ScannerImpl.java:238)
	at org.yaml.snakeyaml.parser.ParserImpl$ParseBlockMappingKey.produce(ParserImpl.java:637)
	at org.yaml.snakeyaml.parser.ParserImpl.peekEvent(ParserImpl.java:161)
	at org.yaml.snakeyaml.comments.CommentEventsCollector$1.peek(CommentEventsCollector.java:57)
	at org.yaml.snakeyaml.comments.CommentEventsCollector$1.peek(CommentEventsCollector.java:43)
	at org.yaml.snakeyaml.comments.CommentEventsCollector.collectEvents(CommentEventsCollector.java:136)
	at org.yaml.snakeyaml.comments.CommentEventsCollector.collectEvents(CommentEventsCollector.java:116)
	at org.yaml.snakeyaml.composer.Composer.composeScalarNode(Composer.java:241)
	at org.yaml.snakeyaml.composer.Composer.composeNode(Composer.java:205)
	at org.yaml.snakeyaml.composer.Composer.composeValueNode(Composer.java:369)
	at org.yaml.snakeyaml.composer.Composer.composeMappingChildren(Composer.java:348)
	at org.yaml.snakeyaml.composer.Composer.composeMappingNode(Composer.java:323)
	at org.yaml.snakeyaml.composer.Composer.composeNode(Composer.java:209)
	at org.yaml.snakeyaml.composer.Composer.composeValueNode(Composer.java:369)
	at org.yaml.snakeyaml.composer.Composer.composeMappingChildren(Composer.java:348)
	at org.yaml.snakeyaml.composer.Composer.composeMappingNode(Composer.java:323)
	at org.yaml.snakeyaml.composer.Composer.composeNode(Composer.java:209)
	at org.yaml.snakeyaml.composer.Composer.composeSequenceNode(Composer.java:277)
	at org.yaml.snakeyaml.composer.Composer.composeNode(Composer.java:207)
	at org.yaml.snakeyaml.composer.Composer.composeValueNode(Composer.java:369)
	at org.yaml.snakeyaml.composer.Composer.composeMappingChildren(Composer.java:348)
	at org.yaml.snakeyaml.composer.Composer.composeMappingNode(Composer.java:323)
	at org.yaml.snakeyaml.composer.Composer.composeNode(Composer.java:209)
	at org.yaml.snakeyaml.composer.Composer.getNode(Composer.java:131)
	at org.yaml.snakeyaml.composer.Composer.getSingleNode(Composer.java:157)
	at org.yaml.snakeyaml.constructor.BaseConstructor.getSingleData(BaseConstructor.java:178)
	at org.yaml.snakeyaml.Yaml.loadFromReader(Yaml.java:493)
	at org.yaml.snakeyaml.Yaml.load(Yaml.java:434)
	at liquibase.parser.core.yaml.YamlChangeLogParser.parseYamlStream(YamlChangeLogParser.java:101)
	... 40 common frames omitted
